This is pdfTeX, Version 3.141592653-2.6-1.40.28 (TeX Live 2025) (preloaded format=pdflatex 2025.11.12)  27 JUN 2026 12:06
entering extended mode
 restricted \write18 enabled.
 %&-line parsing enabled.
**main.tex
(./main.tex
LaTeX2e <2025-11-01>
L3 programming layer <2025-10-24>

(/media/tudor/380827CD08278948/texlive/texmf-dist/tex/latex/extsizes/extreport.
cls
Document Class: extreport 1996/10/08 v1.0 Non Standard LaTeX document class

(/media/tudor/380827CD08278948/texlive/texmf-dist/tex/latex/extsizes/size14.clo
File: size14.clo 1999/11/11 v1.4a NON-Standard LaTeX file (size option)
) (/media/tudor/380827CD08278948/texlive/texmf-dist/tex/latex/base/exscale.sty
Package: exscale 2025/06/05 v2.1i Standard LaTeX package exscale
LaTeX Font Info:    Redeclaring symbol font `largesymbols' on input line 57.
LaTeX Font Info:    Overwriting symbol font `largesymbols' in version `normal'
(Font)                  OMX/cmex/m/n --> OMX/cmex/m/n on input line 57.
LaTeX Font Info:    Overwriting symbol font `largesymbols' in version `bold'
(Font)                  OMX/cmex/m/n --> OMX/cmex/m/n on input line 57.
\big@size=\dimen148
)
\c@part=\count275
\c@chapter=\count276
\c@section=\count277
\c@subsection=\count278
\c@subsubsection=\count279
\c@paragraph=\count280
\c@subparagraph=\count281
\c@figure=\count282
\c@table=\count283
\abovecaptionskip=\skip49
\belowcaptionskip=\skip50
\bibindent=\dimen149
)
(/media/tudor/380827CD08278948/texlive/texmf-dist/tex/latex/geometry/geometry.s
ty
Package: geometry 2020/01/02 v5.9 Page Geometry

(/media/tudor/380827CD08278948/texlive/texmf-dist/tex/latex/graphics/keyval.sty
Package: keyval 2022/05/29 v1.15 key=value parser (DPC)
\KV@toks@=\toks17
)
(/media/tudor/380827CD08278948/texlive/texmf-dist/tex/generic/iftex/ifvtex.sty
Package: ifvtex 2019/10/25 v1.7 ifvtex legacy package. Use iftex instead.

(/media/tudor/380827CD08278948/texlive/texmf-dist/tex/generic/iftex/iftex.sty
Package: iftex 2024/12/12 v1.0g TeX engine tests
))
\Gm@cnth=\count284
\Gm@cntv=\count285
\c@Gm@tempcnt=\count286
\Gm@bindingoffset=\dimen150
\Gm@wd@mp=\dimen151
\Gm@odd@mp=\dimen152
\Gm@even@mp=\dimen153
\Gm@layoutwidth=\dimen154
\Gm@layoutheight=\dimen155
\Gm@layouthoffset=\dimen156
\Gm@layoutvoffset=\dimen157
\Gm@dimlist=\toks18
)
(/media/tudor/380827CD08278948/texlive/texmf-dist/tex/latex/subfiles/subfiles.s
ty
Package: subfiles 2020/11/14 v2.2 Multi-file projects (package)

(/media/tudor/380827CD08278948/texlive/texmf-dist/tex/latex/import/import.sty
Package: import 2020/04/01  v 6.2
))
(/media/tudor/380827CD08278948/texlive/texmf-dist/tex/latex/enumitem/enumitem.s
ty
Package: enumitem 2025/02/06 v3.11 Customized lists
\labelindent=\skip51
\enit@outerparindent=\dimen158
\enit@toks=\toks19
\enit@inbox=\box53
\enit@count@id=\count287
\enitdp@description=\count288
) (./main.sty
Package: main 

(/media/tudor/380827CD08278948/texlive/texmf-dist/tex/latex/biblatex/biblatex.s
ty
Package: biblatex 2025/07/10 v3.21 programmable bibliographies (PK/MW)

(/media/tudor/380827CD08278948/texlive/texmf-dist/tex/generic/pdftexcmds/pdftex
cmds.sty
Package: pdftexcmds 2020-06-27 v0.33 Utility functions of pdfTeX for LuaTeX (HO
)

(/media/tudor/380827CD08278948/texlive/texmf-dist/tex/generic/infwarerr/infware
rr.sty
Package: infwarerr 2019/12/03 v1.5 Providing info/warning/error messages (HO)
)
(/media/tudor/380827CD08278948/texlive/texmf-dist/tex/generic/ltxcmds/ltxcmds.s
ty
Package: ltxcmds 2023-12-04 v1.26 LaTeX kernel commands for general use (HO)
)
Package pdftexcmds Info: \pdf@primitive is available.
Package pdftexcmds Info: \pdf@ifprimitive is available.
Package pdftexcmds Info: \pdfdraftmode found.
)
(/media/tudor/380827CD08278948/texlive/texmf-dist/tex/latex/etoolbox/etoolbox.s
ty
Package: etoolbox 2025/10/02 v2.5m e-TeX tools for LaTeX (JAW)
\etb@tempcnta=\count289
)
(/media/tudor/380827CD08278948/texlive/texmf-dist/tex/latex/kvoptions/kvoptions
.sty
Package: kvoptions 2022-06-15 v3.15 Key value format for package options (HO)

(/media/tudor/380827CD08278948/texlive/texmf-dist/tex/latex/kvsetkeys/kvsetkeys
.sty
Package: kvsetkeys 2022-10-05 v1.19 Key value parser (HO)
))
(/media/tudor/380827CD08278948/texlive/texmf-dist/tex/latex/logreq/logreq.sty
Package: logreq 2010/08/04 v1.0 xml request logger
\lrq@indent=\count290

(/media/tudor/380827CD08278948/texlive/texmf-dist/tex/latex/logreq/logreq.def
File: logreq.def 2010/08/04 v1.0 logreq spec v1.0
)) (/media/tudor/380827CD08278948/texlive/texmf-dist/tex/latex/base/ifthen.sty
Package: ifthen 2024/03/16 v1.1e Standard LaTeX ifthen package (DPC)
)
(/media/tudor/380827CD08278948/texlive/texmf-dist/tex/latex/url/url.sty
\Urlmuskip=\muskip17
Package: url 2013/09/16  ver 3.4  Verb mode for urls, etc.
)
\c@tabx@nest=\count291
\c@listtotal=\count292
\c@listcount=\count293
\c@liststart=\count294
\c@liststop=\count295
\c@citecount=\count296
\c@citetotal=\count297
\c@multicitecount=\count298
\c@multicitetotal=\count299
\c@instcount=\count300
\c@maxnames=\count301
\c@minnames=\count302
\c@maxitems=\count303
\c@minitems=\count304
\c@citecounter=\count305
\c@maxcitecounter=\count306
\c@savedcitecounter=\count307
\c@uniquelist=\count308
\c@uniquename=\count309
\c@refsection=\count310
\c@refsegment=\count311
\c@maxextratitle=\count312
\c@maxextratitleyear=\count313
\c@maxextraname=\count314
\c@maxextradate=\count315
\c@maxextraalpha=\count316
\c@abbrvpenalty=\count317
\c@highnamepenalty=\count318
\c@lownamepenalty=\count319
\c@maxparens=\count320
\c@parenlevel=\count321
\blx@tempcnta=\count322
\blx@tempcntb=\count323
\blx@tempcntc=\count324
\c@blx@maxsection=\count325
\blx@maxsegment@0=\count326
\blx@notetype=\count327
\blx@parenlevel@text=\count328
\blx@parenlevel@foot=\count329
\blx@sectionciteorder@0=\count330
\blx@sectionciteorderinternal@0=\count331
\blx@entrysetcounter=\count332
\blx@biblioinstance=\count333
\labelnumberwidth=\skip52
\labelalphawidth=\skip53
\biblabelsep=\skip54
\bibitemsep=\skip55
\bibnamesep=\skip56
\bibinitsep=\skip57
\bibparsep=\skip58
\bibhang=\skip59
\blx@bcfin=\read2
\blx@bcfout=\write3
\blx@langwohyphens=\language90
\c@mincomprange=\count334
\c@maxcomprange=\count335
\c@mincompwidth=\count336
Package biblatex Info: Trying to load biblatex default data model...
Package biblatex Info: ... file 'blx-dm.def' found.

(/media/tudor/380827CD08278948/texlive/texmf-dist/tex/latex/biblatex/blx-dm.def
File: blx-dm.def 2025/07/10 v3.21 biblatex datamodel (PK/MW)
)
Package biblatex Info: Trying to load biblatex style data model...
Package biblatex Info: ... file 'numeric.dbx' not found.
Package biblatex Info: Trying to load biblatex custom data model...
Package biblatex Info: ... file 'biblatex-dm.cfg' not found.
\c@afterword=\count337
\c@savedafterword=\count338
\c@annotator=\count339
\c@savedannotator=\count340
\c@author=\count341
\c@savedauthor=\count342
\c@bookauthor=\count343
\c@savedbookauthor=\count344
\c@commentator=\count345
\c@savedcommentator=\count346
\c@editor=\count347
\c@savededitor=\count348
\c@editora=\count349
\c@savededitora=\count350
\c@editorb=\count351
\c@savededitorb=\count352
\c@editorc=\count353
\c@savededitorc=\count354
\c@foreword=\count355
\c@savedforeword=\count356
\c@holder=\count357
\c@savedholder=\count358
\c@introduction=\count359
\c@savedintroduction=\count360
\c@namea=\count361
\c@savednamea=\count362
\c@nameb=\count363
\c@savednameb=\count364
\c@namec=\count365
\c@savednamec=\count366
\c@translator=\count367
\c@savedtranslator=\count368
\c@shortauthor=\count369
\c@savedshortauthor=\count370
\c@shorteditor=\count371
\c@savedshorteditor=\count372
\c@labelname=\count373
\c@savedlabelname=\count374
\c@institution=\count375
\c@savedinstitution=\count376
\c@lista=\count377
\c@savedlista=\count378
\c@listb=\count379
\c@savedlistb=\count380
\c@listc=\count381
\c@savedlistc=\count382
\c@listd=\count383
\c@savedlistd=\count384
\c@liste=\count385
\c@savedliste=\count386
\c@listf=\count387
\c@savedlistf=\count388
\c@location=\count389
\c@savedlocation=\count390
\c@organization=\count391
\c@savedorganization=\count392
\c@origlocation=\count393
\c@savedoriglocation=\count394
\c@origpublisher=\count395
\c@savedorigpublisher=\count396
\c@publisher=\count397
\c@savedpublisher=\count398
\c@language=\count399
\c@savedlanguage=\count400
\c@origlanguage=\count401
\c@savedoriglanguage=\count402
\c@pageref=\count403
\c@savedpageref=\count404
\shorthandwidth=\skip60
\shortjournalwidth=\skip61
\shortserieswidth=\skip62
\shorttitlewidth=\skip63
\shortauthorwidth=\skip64
\shorteditorwidth=\skip65
\locallabelnumberwidth=\skip66
\locallabelalphawidth=\skip67
\localshorthandwidth=\skip68
\localshortjournalwidth=\skip69
\localshortserieswidth=\skip70
\localshorttitlewidth=\skip71
\localshortauthorwidth=\skip72
\localshorteditorwidth=\skip73
Package biblatex Info: Trying to load compatibility code...
Package biblatex Info: ... file 'blx-compat.def' found.

(/media/tudor/380827CD08278948/texlive/texmf-dist/tex/latex/biblatex/blx-compat
.def
File: blx-compat.def 2025/07/10 v3.21 biblatex compatibility (PK/MW)
)
Package biblatex Info: Trying to load generic definitions...
Package biblatex Info: ... file 'biblatex.def' found.

(/media/tudor/380827CD08278948/texlive/texmf-dist/tex/latex/biblatex/biblatex.d
ef
File: biblatex.def 2025/07/10 v3.21 biblatex compatibility (PK/MW)
\c@textcitecount=\count405
\c@textcitetotal=\count406
\c@textcitemaxnames=\count407
\c@biburlbigbreakpenalty=\count408
\c@biburlbreakpenalty=\count409
\c@biburlnumpenalty=\count410
\c@biburlucpenalty=\count411
\c@biburllcpenalty=\count412
\biburlbigskip=\muskip18
\biburlnumskip=\muskip19
\biburlucskip=\muskip20
\biburllcskip=\muskip21
\c@smartand=\count413
)
Package biblatex Info: Trying to load bibliography style 'numeric'...
Package biblatex Info: ... file 'numeric.bbx' found.

(/media/tudor/380827CD08278948/texlive/texmf-dist/tex/latex/biblatex/bbx/numeri
c.bbx
File: numeric.bbx 2025/07/10 v3.21 biblatex bibliography style (PK/MW)
Package biblatex Info: Trying to load bibliography style 'standard'...
Package biblatex Info: ... file 'standard.bbx' found.

(/media/tudor/380827CD08278948/texlive/texmf-dist/tex/latex/biblatex/bbx/standa
rd.bbx
File: standard.bbx 2025/07/10 v3.21 biblatex bibliography style (PK/MW)
\c@bbx:relatedcount=\count414
\c@bbx:relatedtotal=\count415
))
Package biblatex Info: Trying to load citation style 'numeric'...
Package biblatex Info: ... file 'numeric.cbx' found.

(/media/tudor/380827CD08278948/texlive/texmf-dist/tex/latex/biblatex/cbx/numeri
c.cbx
File: numeric.cbx 2025/07/10 v3.21 biblatex citation style (PK/MW)
Package biblatex Info: Redefining '\cite'.
Package biblatex Info: Redefining '\parencite'.
Package biblatex Info: Redefining '\footcite'.
Package biblatex Info: Redefining '\footcitetext'.
Package biblatex Info: Redefining '\smartcite'.
Package biblatex Info: Redefining '\supercite'.
Package biblatex Info: Redefining '\textcite'.
Package biblatex Info: Redefining '\textcites'.
Package biblatex Info: Redefining '\cites'.
Package biblatex Info: Redefining '\parencites'.
Package biblatex Info: Redefining '\smartcites'.
)
Package biblatex Info: Trying to load configuration file...
Package biblatex Info: ... file 'biblatex.cfg' found.

(/media/tudor/380827CD08278948/texlive/texmf-dist/tex/latex/biblatex/biblatex.c
fg
File: biblatex.cfg 
)
Package biblatex Info: Input encoding 'utf8' detected.
Package biblatex Info: Document encoding is UTF8 ....

(/media/tudor/380827CD08278948/texlive/texmf-dist/tex/latex/l3kernel/expl3.sty
Package: expl3 2025-10-24 L3 programming layer (loader) 

(/media/tudor/380827CD08278948/texlive/texmf-dist/tex/latex/l3backend/l3backend
-pdftex.def
File: l3backend-pdftex.def 2025-10-09 L3 backend support: PDF output (pdfTeX)
\l__color_backend_stack_int=\count416
))
Package biblatex Info: ... and expl3
(biblatex)             2025-10-24 L3 programming layer (loader) 
(biblatex)             is new enough (at least 2020/04/06),
(biblatex)             setting 'casechanger=expl3'.

(/media/tudor/380827CD08278948/texlive/texmf-dist/tex/latex/biblatex/blx-case-e
xpl3.sty
(/media/tudor/380827CD08278948/texlive/texmf-dist/tex/latex/l3packages/xparse/x
parse.sty
Package: xparse 2025-10-09 L3 Experimental document command parser
)
Package: blx-case-expl3 2025/07/10 v3.21 expl3 case changing code for biblatex
))
(/media/tudor/380827CD08278948/texlive/texmf-dist/tex/latex/base/inputenc.sty
Package: inputenc 2024/02/08 v1.3d Input encoding file
\inpenc@prehook=\toks20
\inpenc@posthook=\toks21
)
(/media/tudor/380827CD08278948/texlive/texmf-dist/tex/latex/base/fontenc.sty
Package: fontenc 2025/07/18 v2.1d Standard LaTeX package
)
(/media/tudor/380827CD08278948/texlive/texmf-dist/tex/latex/psnfss/mathptmx.sty
Package: mathptmx 2020/03/25 PSNFSS-v9.3 Times w/ Math, improved (SPQR, WaS) 
LaTeX Font Info:    Redeclaring symbol font `operators' on input line 28.
LaTeX Font Info:    Overwriting symbol font `operators' in version `normal'
(Font)                  OT1/cmr/m/n --> OT1/ztmcm/m/n on input line 28.
LaTeX Font Info:    Overwriting symbol font `operators' in version `bold'
(Font)                  OT1/cmr/bx/n --> OT1/ztmcm/m/n on input line 28.
LaTeX Font Info:    Redeclaring symbol font `letters' on input line 29.
LaTeX Font Info:    Overwriting symbol font `letters' in version `normal'
(Font)                  OML/cmm/m/it --> OML/ztmcm/m/it on input line 29.
LaTeX Font Info:    Overwriting symbol font `letters' in version `bold'
(Font)                  OML/cmm/b/it --> OML/ztmcm/m/it on input line 29.
LaTeX Font Info:    Redeclaring symbol font `symbols' on input line 30.
LaTeX Font Info:    Overwriting symbol font `symbols' in version `normal'
(Font)                  OMS/cmsy/m/n --> OMS/ztmcm/m/n on input line 30.
LaTeX Font Info:    Overwriting symbol font `symbols' in version `bold'
(Font)                  OMS/cmsy/b/n --> OMS/ztmcm/m/n on input line 30.
LaTeX Font Info:    Redeclaring symbol font `largesymbols' on input line 31.
LaTeX Font Info:    Overwriting symbol font `largesymbols' in version `normal'
(Font)                  OMX/cmex/m/n --> OMX/ztmcm/m/n on input line 31.
LaTeX Font Info:    Overwriting symbol font `largesymbols' in version `bold'
(Font)                  OMX/cmex/m/n --> OMX/ztmcm/m/n on input line 31.
\symbold=\mathgroup4
\symitalic=\mathgroup5
LaTeX Font Info:    Redeclaring math alphabet \mathbf on input line 34.
LaTeX Font Info:    Overwriting math alphabet `\mathbf' in version `normal'
(Font)                  OT1/cmr/bx/n --> OT1/ptm/bx/n on input line 34.
LaTeX Font Info:    Overwriting math alphabet `\mathbf' in version `bold'
(Font)                  OT1/cmr/bx/n --> OT1/ptm/bx/n on input line 34.
LaTeX Font Info:    Redeclaring math alphabet \mathit on input line 35.
LaTeX Font Info:    Overwriting math alphabet `\mathit' in version `normal'
(Font)                  OT1/cmr/m/it --> OT1/ptm/m/it on input line 35.
LaTeX Font Info:    Overwriting math alphabet `\mathit' in version `bold'
(Font)                  OT1/cmr/bx/it --> OT1/ptm/m/it on input line 35.
LaTeX Info: Redefining \hbar on input line 50.
) (/media/tudor/380827CD08278948/texlive/texmf-dist/tex/generic/babel/babel.sty
Package: babel 2025/11/09 v25.15 The multilingual framework for LuaLaTeX, pdfLa
TeX and XeLaTeX
\babel@savecnt=\count417
LaTeX Encoding Info:    Redeclaring text command \ij (encoding OT1) on input li
ne 2050.
LaTeX Encoding Info:    Redeclaring text command \IJ (encoding OT1) on input li
ne 2052.
LaTeX Encoding Info:    Redeclaring text command \ij (encoding T1) on input lin
e 2054.
LaTeX Encoding Info:    Redeclaring text command \IJ (encoding T1) on input lin
e 2055.
LaTeX Encoding Info:    Ignoring declaration for text command \ij (encoding ?) 
on input line 2056.
LaTeX Encoding Info:    Ignoring declaration for text command \IJ (encoding ?) 
on input line 2058.
LaTeX Encoding Info:    Ignoring declaration for text command \SS (encoding ?) 
on input line 2083.
\U@D=\dimen159
\l@unhyphenated=\language91

(/media/tudor/380827CD08278948/texlive/texmf-dist/tex/generic/babel/txtbabel.de
f)
\bbl@readstream=\read3
\bbl@dirlevel=\count418

(/media/tudor/380827CD08278948/texlive/texmf-dist/tex/generic/babel/locale/ro/b
abel-romanian.tex)
Package babel Info: Importing font and identification data for romanian
(babel)             from babel-ro.ini. Reported on input line 4298.

(/media/tudor/380827CD08278948/texlive/texmf-dist/tex/generic/babel-romanian/ro
manian.ldf
Language: romanian 2021/04/04 v1.2m Romanian support from the babel system
))
(/media/tudor/380827CD08278948/texlive/texmf-dist/tex/latex/caption/caption.sty
Package: caption 2023/08/05 v3.6o Customizing captions (AR)

(/media/tudor/380827CD08278948/texlive/texmf-dist/tex/latex/caption/caption3.st
y
Package: caption3 2023/07/31 v2.4d caption3 kernel (AR)
\caption@tempdima=\dimen160
\captionmargin=\dimen161
\caption@leftmargin=\dimen162
\caption@rightmargin=\dimen163
\caption@width=\dimen164
\caption@indent=\dimen165
\caption@parindent=\dimen166
\caption@hangindent=\dimen167
Package caption Info: Standard document class detected.
)
\c@caption@flags=\count419
\c@continuedfloat=\count420
)
(/media/tudor/380827CD08278948/texlive/texmf-dist/tex/latex/datetime/datetime.s
ty
Package: datetime 2015/03/20 v2.60 Date Time Package

(/media/tudor/380827CD08278948/texlive/texmf-dist/tex/latex/fmtcount/fmtcount.s
ty
Package: fmtcount 2025/08/23 v3.11 Displaying the values of LaTeX counters (NT,
VB,NE)

(/media/tudor/380827CD08278948/texlive/texmf-dist/tex/latex/xkeyval/xkeyval.sty
Package: xkeyval 2025/11/04 v2.10 package option processing (HA)

(/media/tudor/380827CD08278948/texlive/texmf-dist/tex/generic/xkeyval/xkeyval.t
ex
(/media/tudor/380827CD08278948/texlive/texmf-dist/tex/generic/xkeyval/xkvutils.
tex
\XKV@toks=\toks22
\XKV@tempa@toks=\toks23
\XKV@tempb@toks=\toks24
)
\XKV@depth=\count421
File: xkeyval.tex 2014/12/03 v2.7a key=value parser (HA)
))
(/media/tudor/380827CD08278948/texlive/texmf-dist/tex/latex/fmtcount/fcprefix.s
ty
Package: fcprefix 2012/09/28

(/media/tudor/380827CD08278948/texlive/texmf-dist/tex/latex/fmtcount/fcnumparse
r.sty
Package: fcnumparser 2017/06/15
\fc@digit@counter=\count422
))
(/media/tudor/380827CD08278948/texlive/texmf-dist/tex/latex/amsmath/amsgen.sty
File: amsgen.sty 1999/11/30 v2.0 generic functions
\@emptytoks=\toks25
\ex@=\dimen168
)
\c@padzeroesN=\count423
\fc@tmpcatcode=\count424
\@DT@modctr=\count425
\@ordinalctr=\count426
\@orgargctr=\count427
\@strctr=\count428
\@tmpstrctr=\count429
\@DT@loopN=\count430
\@DT@X=\count431
)
(/media/tudor/380827CD08278948/texlive/texmf-dist/tex/latex/datetime/datetime-d
efaults.sty
Package: datetime-defaults 2013/09/10
)
\@day=\count432
\@month=\count433
\@year=\count434
\c@HOUR=\count435
\c@HOURXII=\count436
\c@MINUTE=\count437
\c@TOHOUR=\count438
\c@TOMINUTE=\count439
\c@SECOND=\count440
\currenthour=\count441
\currentminute=\count442
\currentsecond=\count443
Package datetime Info: No datetime.cfg file found, using default settings on in
put line 308.
\@dtctr=\count444
\dayofyear=\count445
\dayofweek=\count446
LaTeX Info: Redefining \today on input line 736.

(/media/tudor/380827CD08278948/texlive/texmf-dist/tex/latex/datetime/dt-romania
n.def
File: dt-romanian.def 2013/09/10
LaTeX Info: Redefining \dateromanian on input line 64.
)
\dt@a=\toks26
\dt@b=\toks27
)
(/media/tudor/380827CD08278948/texlive/texmf-dist/tex/latex/fancyhdr/fancyhdr.s
ty
Package: fancyhdr 2025/02/07 v5.2 Extensive control of page headers and footers

\f@nch@headwidth=\skip74
\f@nch@offset@elh=\skip75
\f@nch@offset@erh=\skip76
\f@nch@offset@olh=\skip77
\f@nch@offset@orh=\skip78
\f@nch@offset@elf=\skip79
\f@nch@offset@erf=\skip80
\f@nch@offset@olf=\skip81
\f@nch@offset@orf=\skip82
\f@nch@height=\skip83
\f@nch@footalignment=\skip84
\f@nch@widthL=\skip85
\f@nch@widthC=\skip86
\f@nch@widthR=\skip87
\@temptokenb=\toks28
)
(/media/tudor/380827CD08278948/texlive/texmf-dist/tex/latex/graphics/graphics.s
ty
Package: graphics 2024/08/06 v1.4g Standard LaTeX Graphics (DPC,SPQR)

(/media/tudor/380827CD08278948/texlive/texmf-dist/tex/latex/graphics/trig.sty
Package: trig 2023/12/02 v1.11 sin cos tan (DPC)
)
(/media/tudor/380827CD08278948/texlive/texmf-dist/tex/latex/graphics-cfg/graphi
cs.cfg
File: graphics.cfg 2016/06/04 v1.11 sample graphics configuration
)
Package graphics Info: Driver file: pdftex.def on input line 106.

(/media/tudor/380827CD08278948/texlive/texmf-dist/tex/latex/graphics-def/pdftex
.def
File: pdftex.def 2025/09/29 v1.2d Graphics/color driver for pdftex
))
(/media/tudor/380827CD08278948/texlive/texmf-dist/tex/latex/graphics/graphicx.s
ty
Package: graphicx 2024/12/31 v1.2e Enhanced LaTeX Graphics (DPC,SPQR)
\Gin@req@height=\dimen169
\Gin@req@width=\dimen170
)
(/media/tudor/380827CD08278948/texlive/texmf-dist/tex/latex/hyperref/hyperref.s
ty
Package: hyperref 2025-07-12 v7.01o Hypertext links for LaTeX

(/media/tudor/380827CD08278948/texlive/texmf-dist/tex/generic/kvdefinekeys/kvde
finekeys.sty
Package: kvdefinekeys 2019-12-19 v1.6 Define keys (HO)
)
(/media/tudor/380827CD08278948/texlive/texmf-dist/tex/generic/pdfescape/pdfesca
pe.sty
Package: pdfescape 2019/12/09 v1.15 Implements pdfTeX's escape features (HO)
)
(/media/tudor/380827CD08278948/texlive/texmf-dist/tex/latex/hycolor/hycolor.sty
Package: hycolor 2020-01-27 v1.10 Color options for hyperref/bookmark (HO)
)
(/media/tudor/380827CD08278948/texlive/texmf-dist/tex/latex/hyperref/nameref.st
y
Package: nameref 2025-06-21 v2.57 Cross-referencing by name of section

(/media/tudor/380827CD08278948/texlive/texmf-dist/tex/latex/refcount/refcount.s
ty
Package: refcount 2019/12/15 v3.6 Data extraction from label references (HO)
)
(/media/tudor/380827CD08278948/texlive/texmf-dist/tex/generic/gettitlestring/ge
ttitlestring.sty
Package: gettitlestring 2019/12/15 v1.6 Cleanup title references (HO)
)
\c@section@level=\count447
)
(/media/tudor/380827CD08278948/texlive/texmf-dist/tex/generic/stringenc/stringe
nc.sty
Package: stringenc 2019/11/29 v1.12 Convert strings between diff. encodings (HO
)
)
\@linkdim=\dimen171
\Hy@linkcounter=\count448
\Hy@pagecounter=\count449

(/media/tudor/380827CD08278948/texlive/texmf-dist/tex/latex/hyperref/pd1enc.def
File: pd1enc.def 2025-07-12 v7.01o Hyperref: PDFDocEncoding definition (HO)
Now handling font encoding PD1 ...
... no UTF-8 mapping file for font encoding PD1
)
(/media/tudor/380827CD08278948/texlive/texmf-dist/tex/generic/intcalc/intcalc.s
ty
Package: intcalc 2019/12/15 v1.3 Expandable calculations with integers (HO)
)
\Hy@SavedSpaceFactor=\count450

(/media/tudor/380827CD08278948/texlive/texmf-dist/tex/latex/hyperref/puenc.def
File: puenc.def 2025-07-12 v7.01o Hyperref: PDF Unicode definition (HO)
Now handling font encoding PU ...
... no UTF-8 mapping file for font encoding PU
)
Package hyperref Info: Hyper figures OFF on input line 4195.
Package hyperref Info: Link nesting OFF on input line 4200.
Package hyperref Info: Hyper index ON on input line 4203.
Package hyperref Info: Plain pages OFF on input line 4210.
Package hyperref Info: Backreferencing OFF on input line 4215.
Package hyperref Info: Implicit mode ON; LaTeX internals redefined.
Package hyperref Info: Bookmarks ON on input line 4462.
\c@Hy@tempcnt=\count451
LaTeX Info: Redefining \url on input line 4801.
\XeTeXLinkMargin=\dimen172

(/media/tudor/380827CD08278948/texlive/texmf-dist/tex/generic/bitset/bitset.sty
Package: bitset 2019/12/09 v1.3 Handle bit-vector datatype (HO)

(/media/tudor/380827CD08278948/texlive/texmf-dist/tex/generic/bigintcalc/bigint
calc.sty
Package: bigintcalc 2019/12/15 v1.5 Expandable calculations on big integers (HO
)
))
\Fld@menulength=\count452
\Field@Width=\dimen173
\Fld@charsize=\dimen174
Package hyperref Info: Hyper figures OFF on input line 6078.
Package hyperref Info: Link nesting OFF on input line 6083.
Package hyperref Info: Hyper index ON on input line 6086.
Package hyperref Info: backreferencing OFF on input line 6093.
Package hyperref Info: Link coloring OFF on input line 6098.
Package hyperref Info: Link coloring with OCG OFF on input line 6103.
Package hyperref Info: PDF/A mode OFF on input line 6108.
\Hy@abspage=\count453
\c@Item=\count454
\c@Hfootnote=\count455
)
Package hyperref Info: Driver (autodetected): hpdftex.

(/media/tudor/380827CD08278948/texlive/texmf-dist/tex/latex/hyperref/hpdftex.de
f
File: hpdftex.def 2025-07-12 v7.01o Hyperref driver for pdfTeX
\Fld@listcount=\count456
\c@bookmark@seq@number=\count457

(/media/tudor/380827CD08278948/texlive/texmf-dist/tex/latex/rerunfilecheck/reru
nfilecheck.sty
Package: rerunfilecheck 2025-06-21 v1.11 Rerun checks for auxiliary files (HO)

(/media/tudor/380827CD08278948/texlive/texmf-dist/tex/generic/uniquecounter/uni
quecounter.sty
Package: uniquecounter 2019/12/15 v1.4 Provide unlimited unique counter (HO)
)
Package uniquecounter Info: New unique counter `rerunfilecheck' on input line 2
84.
)
\Hy@SectionHShift=\skip88
)
(/media/tudor/380827CD08278948/texlive/texmf-dist/tex/latex/lastpage/lastpage.s
ty
Package: lastpage 2025/08/14 v2.1h lastpage: 2.09 or 2e? (HMM)

(/media/tudor/380827CD08278948/texlive/texmf-dist/tex/latex/lastpage/lastpage2e
.sty
Package: lastpage2e 2025/08/14 v2.1h Decide which 2e lastpage version to use (H
MM)

(/media/tudor/380827CD08278948/texlive/texmf-dist/tex/latex/lastpage/lastpagemo
dern.sty
Package: lastpagemodern 2025-08-14 v2.1h Refers to last page's name (HMM; JPG)
\c@lastpagecount=\count458
) 
))
(/media/tudor/380827CD08278948/texlive/texmf-dist/tex/latex/graphics/lscape.sty
Package: lscape 2020/05/28 v3.02 Landscape Pages (DPC)
)
(/media/tudor/380827CD08278948/texlive/texmf-dist/tex/latex/caption/subcaption.
sty
Package: subcaption 2023/07/28 v1.6b Sub-captions (AR)
Package caption Info: New subtype `subfigure' on input line 238.
\c@subfigure=\count459
Package caption Info: New subtype `subtable' on input line 238.
\c@subtable=\count460
)
(/media/tudor/380827CD08278948/texlive/texmf-dist/tex/latex/tablefootnote/table
footnote.sty
Package: tablefootnote 2014/01/26 v1.1c Table foot notes (HMM)

(/media/tudor/380827CD08278948/texlive/texmf-dist/tex/latex/letltxmacro/letltxm
acro.sty
Package: letltxmacro 2019/12/03 v1.6 Let assignment for LaTeX macros (HO)
)
(/media/tudor/380827CD08278948/texlive/texmf-dist/tex/latex/xifthen/xifthen.sty
Package: xifthen 2015/11/05 v1.4.0 Extended ifthen features
(/media/tudor/380827CD08278948/texlive/texmf-dist/tex/latex/tools/calc.sty
Package: calc 2025/03/01 v4.3b Infix arithmetic (KKT,FJ)
\calc@Acount=\count461
\calc@Bcount=\count462
\calc@Adimen=\dimen175
\calc@Bdimen=\dimen176
\calc@Askip=\skip89
\calc@Bskip=\skip90
LaTeX Info: Redefining \setlength on input line 86.
LaTeX Info: Redefining \addtolength on input line 87.
\calc@Ccount=\count463
\calc@Cskip=\skip91
)
(/media/tudor/380827CD08278948/texlive/texmf-dist/tex/latex/ifmtarg/ifmtarg.sty
Package: ifmtarg 2018/04/16 v1.2b check for an empty argument
)))
(/media/tudor/380827CD08278948/texlive/texmf-dist/tex/latex/tocloft/tocloft.sty
Package: tocloft 2017/08/31 v2.3i parameterised ToC, etc., typesetting
Package tocloft Info: The document has chapter divisions on input line 51.
\cftparskip=\skip92
\cftbeforetoctitleskip=\skip93
\cftaftertoctitleskip=\skip94
\cftbeforepartskip=\skip95
\cftpartnumwidth=\skip96
\cftpartindent=\skip97
\cftbeforechapskip=\skip98
\cftchapindent=\skip99
\cftchapnumwidth=\skip100
\cftbeforesecskip=\skip101
\cftsecindent=\skip102
\cftsecnumwidth=\skip103
\cftbeforesubsecskip=\skip104
\cftsubsecindent=\skip105
\cftsubsecnumwidth=\skip106
\cftbeforesubsubsecskip=\skip107
\cftsubsubsecindent=\skip108
\cftsubsubsecnumwidth=\skip109
\cftbeforeparaskip=\skip110
\cftparaindent=\skip111
\cftparanumwidth=\skip112
\cftbeforesubparaskip=\skip113
\cftsubparaindent=\skip114
\cftsubparanumwidth=\skip115
\cftbeforeloftitleskip=\skip116
\cftafterloftitleskip=\skip117
\cftbeforefigskip=\skip118
\cftfigindent=\skip119
\cftfignumwidth=\skip120
\c@lofdepth=\count464
\c@lotdepth=\count465
\cftbeforelottitleskip=\skip121
\cftafterlottitleskip=\skip122
\cftbeforetabskip=\skip123
\cfttabindent=\skip124
\cfttabnumwidth=\skip125
)
(/media/tudor/380827CD08278948/texlive/texmf-dist/tex/latex/titlesec/titlesec.s
ty
Package: titlesec 2025/01/04 v2.17 Sectioning titles
\ttl@box=\box54
\beforetitleunit=\skip126
\aftertitleunit=\skip127
\ttl@plus=\dimen177
\ttl@minus=\dimen178
\ttl@toksa=\toks29
\titlewidth=\dimen179
\titlewidthlast=\dimen180
\titlewidthfirst=\dimen181
)
(/media/tudor/380827CD08278948/texlive/texmf-dist/tex/latex/xcolor/xcolor.sty
Package: xcolor 2024/09/29 v3.02 LaTeX color extensions (UK)

(/media/tudor/380827CD08278948/texlive/texmf-dist/tex/latex/graphics-cfg/color.
cfg
File: color.cfg 2016/01/02 v1.6 sample color configuration
)
Package xcolor Info: Driver file: pdftex.def on input line 274.

(/media/tudor/380827CD08278948/texlive/texmf-dist/tex/latex/graphics/mathcolor.
ltx)
Package xcolor Info: Model `cmy' substituted by `cmy0' on input line 1349.
Package xcolor Info: Model `hsb' substituted by `rgb' on input line 1353.
Package xcolor Info: Model `RGB' extended on input line 1365.
Package xcolor Info: Model `HTML' substituted by `rgb' on input line 1367.
Package xcolor Info: Model `Hsb' substituted by `hsb' on input line 1368.
Package xcolor Info: Model `tHsb' substituted by `hsb' on input line 1369.
Package xcolor Info: Model `HSB' substituted by `hsb' on input line 1370.
Package xcolor Info: Model `Gray' substituted by `gray' on input line 1371.
Package xcolor Info: Model `wave' substituted by `hsb' on input line 1372.
)
(/media/tudor/380827CD08278948/texlive/texmf-dist/tex/latex/tools/tabularx.sty
Package: tabularx 2023/12/11 v2.12a `tabularx' package (DPC)

(/media/tudor/380827CD08278948/texlive/texmf-dist/tex/latex/tools/array.sty
Package: array 2025/09/25 v2.6n Tabular extension package (FMi)
\col@sep=\dimen182
\ar@mcellbox=\box55
\extrarowheight=\dimen183
\NC@list=\toks30
\extratabsurround=\skip128
\backup@length=\skip129
\ar@cellbox=\box56
)
\TX@col@width=\dimen184
\TX@old@table=\dimen185
\TX@old@col=\dimen186
\TX@target=\dimen187
\TX@delta=\dimen188
\TX@cols=\count466
\TX@ftn=\toks31
)
(/media/tudor/380827CD08278948/texlive/texmf-dist/tex/latex/float/float.sty
Package: float 2001/11/08 v1.3d Float enhancements (AL)
\c@float@type=\count467
\float@exts=\toks32
\float@box=\box57
\@float@everytoks=\toks33
\@floatcapt=\box58
)
(/media/tudor/380827CD08278948/texlive/texmf-dist/tex/latex/amsmath/amsmath.sty
Package: amsmath 2025/07/09 v2.17z AMS math features
\@mathmargin=\skip130
For additional information on amsmath, use the `?' option.

(/media/tudor/380827CD08278948/texlive/texmf-dist/tex/latex/amsmath/amstext.sty
Package: amstext 2024/11/17 v2.01 AMS text
)
(/media/tudor/380827CD08278948/texlive/texmf-dist/tex/latex/amsmath/amsbsy.sty
Package: amsbsy 1999/11/29 v1.2d Bold Symbols
\pmbraise@=\dimen189
) (/media/tudor/380827CD08278948/texlive/texmf-dist/tex/latex/amsmath/amsopn.st
y
Package: amsopn 2022/04/08 v2.04 operator names
)
\inf@bad=\count468
LaTeX Info: Redefining \frac on input line 233.
\uproot@=\count469
\leftroot@=\count470
LaTeX Info: Redefining \overline on input line 398.
LaTeX Info: Redefining \colon on input line 409.
\classnum@=\count471
\DOTSCASE@=\count472
LaTeX Info: Redefining \ldots on input line 495.
LaTeX Info: Redefining \dots on input line 498.
LaTeX Info: Redefining \cdots on input line 619.
\Mathstrutbox@=\box59
\strutbox@=\box60
LaTeX Info: Redefining \big on input line 721.
LaTeX Info: Redefining \Big on input line 722.
LaTeX Info: Redefining \bigg on input line 723.
LaTeX Info: Redefining \Bigg on input line 724.
\big@size=\dimen190
LaTeX Font Info:    Redeclaring font encoding OML on input line 742.
LaTeX Font Info:    Redeclaring font encoding OMS on input line 743.
\macc@depth=\count473
LaTeX Info: Redefining \bmod on input line 904.
LaTeX Info: Redefining \pmod on input line 909.
LaTeX Info: Redefining \smash on input line 939.
LaTeX Info: Redefining \relbar on input line 969.
LaTeX Info: Redefining \Relbar on input line 970.
\c@MaxMatrixCols=\count474
\dotsspace@=\muskip22
\c@parentequation=\count475
\dspbrk@lvl=\count476
\tag@help=\toks34
\row@=\count477
\column@=\count478
\maxfields@=\count479
\andhelp@=\toks35
\eqnshift@=\dimen191
\alignsep@=\dimen192
\tagshift@=\dimen193
\tagwidth@=\dimen194
\totwidth@=\dimen195
\lineht@=\dimen196
\@envbody=\toks36
\multlinegap=\skip131
\multlinetaggap=\skip132
\mathdisplay@stack=\toks37
LaTeX Info: Redefining \[ on input line 2950.
LaTeX Info: Redefining \] on input line 2951.
)
(/media/tudor/380827CD08278948/texlive/texmf-dist/tex/latex/tools/longtable.sty
Package: longtable 2025-10-13 v4.24 Multi-page Table package (DPC)
\LTleft=\skip133
\LTright=\skip134
\LTpre=\skip135
\LTpost=\skip136
\LTchunksize=\count480
\LTcapwidth=\dimen197
\LT@head=\box61
\LT@firsthead=\box62
\LT@foot=\box63
\LT@lastfoot=\box64
\LT@gbox=\box65
\LT@cols=\count481
\LT@rows=\count482
\c@LT@tables=\count483
\c@LT@chunks=\count484
\LT@p@ftn=\toks38
) (./configuration.tex))

Package biblatex Warning: Load 'inputenc' before biblatex.


Package biblatex Warning: 'babel/polyglossia' detected but 'csquotes' missing.
(biblatex)                Loading 'csquotes' recommended.

\@quotelevel=\count485
\@quotereset=\count486
LaTeX Font Info:    Trying to load font information for T1+ptm on input line 9.

(/media/tudor/380827CD08278948/texlive/texmf-dist/tex/latex/psnfss/t1ptm.fd
File: t1ptm.fd 2001/06/04 font definitions for T1/ptm.
)
(./main.aux)
\openout1 = `main.aux'.

LaTeX Font Info:    Checking defaults for OML/cmm/m/it on input line 9.
LaTeX Font Info:    ... okay on input line 9.
LaTeX Font Info:    Checking defaults for OMS/cmsy/m/n on input line 9.
LaTeX Font Info:    ... okay on input line 9.
LaTeX Font Info:    Checking defaults for OT1/cmr/m/n on input line 9.
LaTeX Font Info:    ... okay on input line 9.
LaTeX Font Info:    Checking defaults for T1/cmr/m/n on input line 9.
LaTeX Font Info:    ... okay on input line 9.
LaTeX Font Info:    Checking defaults for TS1/cmr/m/n on input line 9.
LaTeX Font Info:    ... okay on input line 9.
LaTeX Font Info:    Checking defaults for OMX/cmex/m/n on input line 9.
LaTeX Font Info:    ... okay on input line 9.
LaTeX Font Info:    Checking defaults for U/cmr/m/n on input line 9.
LaTeX Font Info:    ... okay on input line 9.
LaTeX Font Info:    Checking defaults for PD1/pdf/m/n on input line 9.
LaTeX Font Info:    ... okay on input line 9.
LaTeX Font Info:    Checking defaults for PU/pdf/m/n on input line 9.
LaTeX Font Info:    ... okay on input line 9.

*geometry* driver: auto-detecting
*geometry* detected driver: pdftex
*geometry* verbose mode - [ preamble ] result:
* driver: pdftex
* paper: a4paper
* layout: <same size as paper>
* layoutoffset:(h,v)=(0.0pt,0.0pt)
* modes: 
* h-part:(L,W,R)=(71.13188pt, 455.24411pt, 71.13188pt)
* v-part:(T,H,B)=(71.13188pt, 702.78308pt, 71.13188pt)
* \paperwidth=597.50787pt
* \paperheight=845.04684pt
* \textwidth=455.24411pt
* \textheight=702.78308pt
* \oddsidemargin=-1.1381pt
* \evensidemargin=-1.1381pt
* \topmargin=-40.1381pt
* \headheight=14.0pt
* \headsep=25.0pt
* \topskip=14.0pt
* \footskip=30.0pt
* \marginparwidth=24.0pt
* \marginparsep=10.0pt
* \columnsep=10.0pt
* \skip\footins=12.0pt plus 4.0pt minus 2.0pt
* \hoffset=0.0pt
* \voffset=0.0pt
* \mag=1000
* \@twocolumnfalse
* \@twosidefalse
* \@mparswitchfalse
* \@reversemarginfalse
* (1in=72.27pt=25.4mm, 1cm=28.453pt)

Package biblatex Info: Trying to load language 'romanian'...
Package biblatex Info: ... file 'romanian.lbx' found.

(/media/tudor/380827CD08278948/texlive/texmf-dist/tex/latex/biblatex/lbx/romani
an.lbx
File: romanian.lbx 2025/07/10 v3.21 biblatex localization (PK/MW)
)
Package biblatex Info: Input encoding 'utf8' detected.
Package biblatex Info: Data encoding 'utf8' specified.
(biblatex)             No need to reencode data.
\openout3 = `main.bcf'.

Package biblatex Info: Trying to load bibliographic data...
Package biblatex Info: ... file 'main.bbl' found.
 (./main.bbl)
Package biblatex Info: Reference section=0 on input line 9.
Package biblatex Info: Reference segment=0 on input line 9.
Package caption Info: Begin \AtBeginDocument code.
Package caption Info: float package is loaded.
Package caption Info: hyperref package is loaded.
Package caption Info: longtable package is loaded.

(/media/tudor/380827CD08278948/texlive/texmf-dist/tex/latex/caption/ltcaption.s
ty
Package: ltcaption 2021/01/08 v1.4c longtable captions (AR)
)
Package caption Info: End \AtBeginDocument code.

(/media/tudor/380827CD08278948/texlive/texmf-dist/tex/context/base/mkii/supp-pd
f.mkii
[Loading MPS to PDF converter (version 2006.09.02).]
\scratchcounter=\count487
\scratchdimen=\dimen198
\scratchbox=\box66
\nofMPsegments=\count488
\nofMParguments=\count489
\everyMPshowfont=\toks39
\MPscratchCnt=\count490
\MPscratchDim=\dimen199
\MPnumerator=\count491
\makeMPintoPDFobject=\count492
\everyMPtoPDFconversion=\toks40
)
(/media/tudor/380827CD08278948/texlive/texmf-dist/tex/latex/epstopdf-pkg/epstop
df-base.sty
Package: epstopdf-base 2020-01-24 v2.11 Base part for package epstopdf
Package epstopdf-base Info: Redefining graphics rule for `.eps' on input line 4
85.

(/media/tudor/380827CD08278948/texlive/texmf-dist/tex/latex/latexconfig/epstopd
f-sys.cfg
File: epstopdf-sys.cfg 2010/07/13 v1.3 Configuration of (r)epstopdf for TeX Liv
e
))
Package hyperref Info: Link coloring OFF on input line 9.
 (./main.out) (./main.out)
\@outlinefile=\write4
\openout4 = `main.out'.

 (./components/frontmatter/all.tex
(./components/frontmatter/title.tex
LaTeX Font Info:    Trying to load font information for OT1+ztmcm on input line
 5.

(/media/tudor/380827CD08278948/texlive/texmf-dist/tex/latex/psnfss/ot1ztmcm.fd
File: ot1ztmcm.fd 2000/01/03 Fontinst v1.801 font definitions for OT1/ztmcm.
)
LaTeX Font Info:    Trying to load font information for OML+ztmcm on input line
 5.
(/media/tudor/380827CD08278948/texlive/texmf-dist/tex/latex/psnfss/omlztmcm.fd
File: omlztmcm.fd 2000/01/03 Fontinst v1.801 font definitions for OML/ztmcm.
)
LaTeX Font Info:    Trying to load font information for OMS+ztmcm on input line
 5.
(/media/tudor/380827CD08278948/texlive/texmf-dist/tex/latex/psnfss/omsztmcm.fd
File: omsztmcm.fd 2000/01/03 Fontinst v1.801 font definitions for OMS/ztmcm.
)
LaTeX Font Info:    Trying to load font information for OMX+ztmcm on input line
 5.
(/media/tudor/380827CD08278948/texlive/texmf-dist/tex/latex/psnfss/omxztmcm.fd
File: omxztmcm.fd 2000/01/03 Fontinst v1.801 font definitions for OMX/ztmcm.
)
LaTeX Font Info:    Trying to load font information for OT1+ptm on input line 5
.
(/media/tudor/380827CD08278948/texlive/texmf-dist/tex/latex/psnfss/ot1ptm.fd
File: ot1ptm.fd 2001/06/04 font definitions for OT1/ptm.
)
LaTeX Font Info:    Font shape `OT1/ptm/bx/n' in size <14.4> not available
(Font)              Font shape `OT1/ptm/b/n' tried instead on input line 5.
LaTeX Font Info:    Font shape `OT1/ptm/bx/n' in size <10.95> not available
(Font)              Font shape `OT1/ptm/b/n' tried instead on input line 5.
LaTeX Font Info:    Font shape `OT1/ptm/bx/n' in size <8> not available
(Font)              Font shape `OT1/ptm/b/n' tried instead on input line 5.
<components/frontmatter/../images/ATM.png, id=317, 654.94687pt x 770.88pt>
File: components/frontmatter/../images/ATM.png Graphic file (type png)
<use components/frontmatter/../images/ATM.png>
Package pdftex.def Info: components/frontmatter/../images/ATM.png  used on inpu
t line 15.
(pdftex.def)             Requested size: 182.09486pt x 214.32755pt.
LaTeX Font Info:    Font shape `OT1/ptm/bx/n' in size <17.28> not available
(Font)              Font shape `OT1/ptm/b/n' tried instead on input line 19.
LaTeX Font Info:    Font shape `OT1/ptm/bx/n' in size <12> not available
(Font)              Font shape `OT1/ptm/b/n' tried instead on input line 19.
LaTeX Font Info:    Font shape `OT1/ptm/bx/n' in size <10> not available
(Font)              Font shape `OT1/ptm/b/n' tried instead on input line 19.
LaTeX Font Info:    Font shape `OT1/ptm/bx/n' in size <7.4> not available
(Font)              Font shape `OT1/ptm/b/n' tried instead on input line 26.
LaTeX Font Info:    Font shape `OT1/ptm/bx/n' in size <6> not available
(Font)              Font shape `OT1/ptm/b/n' tried instead on input line 26.
LaTeX Font Info:    Font shape `OT1/ptm/bx/n' in size <9> not available
(Font)              Font shape `OT1/ptm/b/n' tried instead on input line 33.
LaTeX Font Info:    Font shape `OT1/ptm/bx/n' in size <7> not available
(Font)              Font shape `OT1/ptm/b/n' tried instead on input line 33.

[1

{/media/tudor/380827CD08278948/texlive/texmf-var/fonts/map/pdftex/updmap/pdftex
.map}{/media/tudor/380827CD08278948/texlive/texmf-dist/fonts/enc/dvips/base/8r.
enc} <./components/frontmatter/../images/ATM.png>])
(./components/frontmatter/adviser_resume.tex
pdfTeX warning (ext4): destination with the same identifier (name{page.1}) has 
been already used, duplicate ignored
<to be read again> 
                   \relax 
l.10 \newpage
              [1

]) (./components/frontmatter/declaration.tex
LaTeX Font Info:    Font shape `OT1/ptm/bx/n' in size <20.74> not available
(Font)              Font shape `OT1/ptm/b/n' tried instead on input line 1.
)
(./components/frontmatter/specification.tex [2

] [3

] [4] [5])
(./components/frontmatter/acknowledgment.tex [6])
(./components/frontmatter/abstract.tex [7

]) [8

] (./main.toc [9

] [10])
\tf@toc=\write5
\openout5 = `main.toc'.

 [11]
(./main.lof)
\tf@lof=\write6
\openout6 = `main.lof'.

 [12

] (./components/frontmatter/abbreviations.tex [13

] [14])
[15]) (./components/chapters/all.tex (./components/chapters/components.tex
Capitolul 1.
[16


] [17]
LaTeX Font Info:    Trying to load font information for TS1+ptm on input line 8
0.

(/media/tudor/380827CD08278948/texlive/texmf-dist/tex/latex/psnfss/ts1ptm.fd
File: ts1ptm.fd 2001/06/04 font definitions for TS1/ptm.
)
[18] [19] [20]
Capitolul 2.

Overfull \hbox (1.61975pt too wide) in paragraph at lines 121--124
\T1/ptm/m/n/14.4 Machine Lear-ning []i Deep Lear-ning sunt dou  ra-muri im-por-
tante ale Inteligen[]ei
 []

[21

] [22]
Underfull \hbox (badness 1297) in paragraph at lines 182--182
\T1/ptm/m/n/14.4 trare or-ga-ni-zeaz  an-tre-na-
 []


Underfull \hbox (badness 10000) in paragraph at lines 185--185
[]|\T1/ptm/b/n/14.4 Comunicare pe
 []


Underfull \hbox (badness 1436) in paragraph at lines 186--186
[]|\T1/ptm/m/n/14.4 De obi-cei to-po-lo-gie hub-
 []


Underfull \hbox (badness 4156) in paragraph at lines 186--186
\T1/ptm/m/n/14.4 and-spoke, în care hub-
 []


Underfull \hbox (badness 2512) in paragraph at lines 186--186
\T1/ptm/m/n/14.4 ul re-pre-zint  un fur-ni-zor
 []


Overfull \hbox (14.8433pt too wide) in paragraph at lines 177--190
 [][] 
 []


LaTeX Warning: `!h' float specifier changed to `!ht'.

LaTeX Info: Symbol \textrightarrow not provided by
            font family ptm in TS1 encoding.
            Default family used instead on input line 210.

Overfull \hbox (6.88248pt too wide) in paragraph at lines 224--225
[]|\T1/ptm/b/n/10 Dezavantaje| 
 []


Underfull \hbox (badness 5359) in paragraph at lines 240--241
[]\T1/ptm/m/n/10 necesit  pro-to-coale su-pli-men-tare pen-tru
 []


Overfull \hbox (1.18654pt too wide) in paragraph at lines 199--246
 [][] 
 []


LaTeX Warning: `h' float specifier changed to `ht'.


Overfull \hbox (11.3394pt too wide) in paragraph at lines 252--253
\T1/ptm/m/n/14.4 cla-sic fe-de-ra-ted lear-ning, fi-ind unul adop-tat la scar  
larg  []i care ofer  performan[]e
 []

[23]
<components/chapters/../images/Device_internal_State.png, id=565, 758.835pt x 5
82.175pt>
File: components/chapters/../images/Device_internal_State.png Graphic file (typ
e png)
<use components/chapters/../images/Device_internal_State.png>
Package pdftex.def Info: components/chapters/../images/Device_internal_State.pn
g  used on input line 268.
(pdftex.def)             Requested size: 318.66948pt x 244.48518pt.


LaTeX Warning: `!h' float specifier changed to `!ht'.

[24]
<components/chapters/../images/Federated_Learning_Operations.png, id=575, 741.9
72pt x 390.258pt>
File: components/chapters/../images/Federated_Learning_Operations.png Graphic f
ile (type png)
<use components/chapters/../images/Federated_Learning_Operations.png>
Package pdftex.def Info: components/chapters/../images/Federated_Learning_Opera
tions.png  used on input line 282.
(pdftex.def)             Requested size: 318.66948pt x 167.61115pt.


LaTeX Warning: `!h' float specifier changed to `!ht'.


Overfull \hbox (18.69514pt too wide) in paragraph at lines 287--288
[]\T1/ptm/m/n/14.4 În fi-gura de mai sus, se pot ob-serva într-o ma-nier  con-t
i-nu , flu-xul de comunica-
 []

[25{/media/tudor/380827CD08278948/texlive/texmf-dist/fonts/enc/dvips/cm-super/c
m-super-ts1.enc} <./components/chapters/../images/Device_Internal_State.png>]
Overfull \hbox (2.15053pt too wide) in paragraph at lines 301--302
[]\T1/ptm/b/n/14.4 Mentenan[]  pre-dic-tiv : \T1/ptm/m/n/14.4 Ve-hi-cu-lele mo-
derne, uti-la-jele in-dus-tri-ale []i echi-
 []

[26 <./components/chapters/../images/Federated_Learning_Operations.png>]
Overfull \hbox (9.75443pt too wide) in paragraph at lines 324--325
[]\T1/ptm/b/n/14.4 Supraveghere f r  ex-pu-ne-rea da-te-lor sen-si-bile: \T1/pt
m/m/n/14.4 Mo-de-lele de recunoa[]te-
 []

[27]
Overfull \hbox (19.41666pt too wide) in paragraph at lines 341--345
[]\T1/ptm/b/n/14.4 Atacuri ne-di-rec-tio-nate (un-tar-ge-ted at-ta-cks) \T1/ptm
/m/n/14.4 Sco-pul este re-du-ce-rea acurate-
 []

[28] [29]
Underfull \hbox (badness 10000) in paragraph at lines 421--422
[]|\T1/ptm/b/n/14.4 Backdoor
 []


Overfull \hbox (2.43637pt too wide) in paragraph at lines 410--428
 [][] 
 []


LaTeX Warning: `h' float specifier changed to `ht'.

[30] [31] [32]
Overfull \hbox (3.28868pt too wide) in paragraph at lines 487--488
[]\T1/ptm/b/n/14.4 Mediana co-or-do-na-te-lor (\T1/ptm/b/it/14.4 Coordinate-wis
e Me-dian\T1/ptm/b/n/14.4 ) \T1/ptm/m/n/14.4 [[]11[]]: înlocuie[]te me-
 []

[33]
Overfull \hbox (3.21484pt too wide) in paragraph at lines 491--492
[]\T1/ptm/b/n/14.4 FoolsGold \T1/ptm/m/n/14.4 [[]12[]]: cal-cu-leaz  si-mi-la-r
i-ta-tea co-si-nus în-tre ac-tu-a-li-z -rile clien[]i-
 []

[34] [35] [36]

Package hyperref Warning: Token not allowed in a PDF string (Unicode):
(hyperref)                removing `\\' on input line 549.

[37]
Overfull \hbox (5.35898pt too wide) in paragraph at lines 559--560
[]\T1/ptm/m/n/14.4 Utilitatea prac-tic  a aces-tei teh-nici în con-tex-tul plat
-for-mei pro-puse este dubl .
 []

[38]
<components/chapters/../images/Diagrama_Distribuire_Date.png, id=682, 3510.3646
9pt x 2178.63937pt>
File: components/chapters/../images/Diagrama_Distribuire_Date.png Graphic file 
(type png)
<use components/chapters/../images/Diagrama_Distribuire_Date.png>
Package pdftex.def Info: components/chapters/../images/Diagrama_Distribuire_Dat
e.png  used on input line 564.
(pdftex.def)             Requested size: 455.24411pt x 282.53496pt.
<components/chapters/../images/Diagrama_Otravire_Date.png, id=683, 1948.27875pt
 x 1385.92781pt>
File: components/chapters/../images/Diagrama_Otravire_Date.png Graphic file (ty
pe png)
<use components/chapters/../images/Diagrama_Otravire_Date.png>
Package pdftex.def Info: components/chapters/../images/Diagrama_Otravire_Date.p
ng  used on input line 571.
(pdftex.def)             Requested size: 386.96027pt x 275.25623pt.
 [39 <./components/chapters/../images/Diagrama_Distribuire_Date.png> <./compone
nts/chapters/../images/Diagrama_Otravire_Date.png>] [40] [41]
Capitolul 3.

Overfull \hbox (4.74355pt too wide) in paragraph at lines 606--607
\T1/ptm/m/n/14.4 IEEE 830-1998 pen-tru Specifica[]ii ale Cerin[]elor Software (
SRS). Fi-e-care cerin[] 
 []

[42

]
Overfull \hbox (25.95375pt too wide) in paragraph at lines 633--634
[]\T1/ptm/b/n/14.4 CF-12. \T1/ptm/m/n/14.4 Sis-te-mul va per-mite con-fi-gu-ra-
rea nu-m -ru-lui to-tal de dispozitive/clien[]i
 []

[43]
Overfull \hbox (24.58173pt too wide) in paragraph at lines 650--651
[]\T1/ptm/b/n/14.4 CF-24. \T1/ptm/m/n/14.4 Sis-te-mul va ve-ri-fica struc-tu-ra
l prezen[]a func[]iilor obli-ga-to-rii (\T1/cmtt/m/n/14.4 custom-
 []

[44{/media/tudor/380827CD08278948/texlive/texmf-dist/fonts/enc/dvips/cm-super/c
m-super-t1.enc}]
Overfull \hbox (23.59256pt too wide) in paragraph at lines 675--676
[]\T1/ptm/b/n/14.4 CF-39. \T1/ptm/m/n/14.4 Sis-te-mul va per-mite în-c r-ca-rea
 de mo-dele prean-tre-nate din repository-
 []

[45]
Overfull \hbox (3.63383pt too wide) in paragraph at lines 714--715
[]\T1/ptm/b/n/14.4 CF-58. \T1/ptm/m/n/14.4 Sis-te-mul va per-mite edi-ta-rea []
i per-so-na-li-za-rea func[]iilor din []ablon
 []

[46]
Overfull \hbox (1.33028pt too wide) in paragraph at lines 724--725
[]\T1/ptm/b/n/14.4 CF-63. \T1/ptm/m/n/14.4 Sis-te-mul va des-c rca modelul/re[]
eaua prean-tre-nat  din repository-
 []

[47]
Overfull \hbox (3.51993pt too wide) in paragraph at lines 746--747
[]\T1/ptm/b/n/14.4 CNF-07. \T1/ptm/m/n/14.4 API-ul va ges-tiona mi-ni-mum 100 d
e ce-reri pe se-cund  în condi[]ii
 []

[48]
Overfull \hbox (1.24373pt too wide) in paragraph at lines 769--770
[]\T1/ptm/b/n/14.4 CNF-11. \T1/ptm/m/n/14.4 Sis-te-mul va im-ple-menta gra-ce-f
ul de-gra-da-tion, ast-fel în-cât e[]ecul
 []

[49] [50] [51]
<components/chapters/../images/Arhitectura_Aplicatie.png, id=757, 2085.7925pt x
 3209.9925pt>
File: components/chapters/../images/Arhitectura_Aplicatie.png Graphic file (typ
e png)
<use components/chapters/../images/Arhitectura_Aplicatie.png>
Package pdftex.def Info: components/chapters/../images/Arhitectura_Aplicatie.pn
g  used on input line 855.
(pdftex.def)             Requested size: 388.15709pt x 597.36592pt.
 [52] [53 <./components/chapters/../images/Arhitectura_Aplicatie.png>]
Overfull \hbox (3.67726pt too wide) in paragraph at lines 873--874
\T1/ptm/m/n/14.4 Atunci când uti-li-za-to-rul în-carc  []ablonul Py-thon, se ru
-leaz  uti-li-ta-rul avan-
 []


Overfull \hbox (11.9916pt too wide) in paragraph at lines 873--874
\T1/ptm/m/n/14.4 sat de ana-liz  de se-cu-ri-tate \T1/cmtt/m/n/14.4 semgrep \T1
/ptm/m/n/14.4 al -turi de scrip-tul per-so-na-li-zat \T1/cmtt/m/n/14.4 verify-
 []


Overfull \hbox (15.5045pt too wide) in paragraph at lines 873--874
\T1/cmtt/m/n/14.4 _template.py\T1/ptm/m/n/14.4 . Aceste ele-mente iden-ti-fic  
vulnerabilit []ile co-du-lui propriu-
 []

[54]
<components/chapters/../images/Changing_environments.png, id=773, 1456.44125pt 
x 1051.93pt>
File: components/chapters/../images/Changing_environments.png Graphic file (typ
e png)
<use components/chapters/../images/Changing_environments.png>
Package pdftex.def Info: components/chapters/../images/Changing_environments.pn
g  used on input line 889.
(pdftex.def)             Requested size: 318.66948pt x 230.15727pt.

Overfull \hbox (13.8759pt too wide) in paragraph at lines 903--904
[]\T1/ptm/m/it/14.4 Backdoor Si-nu-so-idal \T1/ptm/m/n/14.4 --- ad -u-ga-rea un
ui sem-nal si-nu-so-idal cu frecven[] 
 []


Overfull \hbox (0.18034pt too wide) in paragraph at lines 905--906
[]\T1/ptm/m/it/14.4 Backdoor Se-man-tic \T1/ptm/m/n/14.4 --- mo-di-fi-ca-rea ca
-rac-te-ris-ti-ci-lor na-tu-rale ale ima-
 []

[55 <./components/chapters/../images/Changing_environments.png>] [56] [57]
Overfull \hbox (16.64886pt too wide) in paragraph at lines 966--967
[]\T1/ptm/m/n/14.4 Pe ser-ve-rul re-mote, ce-re-rea este pre-lu-at  de pro-ce-s
ul orches-tra-tor care instan[]ia-
 []

[58]
Overfull \hbox (11.98593pt too wide) in paragraph at lines 972--973
\T1/ptm/m/n/14.4 uti-li-za-tor []i ru-leaz  o scurt  în-cer-care de an-tre-nare
 pen-tru a va-lida func[]iona-
 []


Overfull \hbox (2.22284pt too wide) in paragraph at lines 975--976
[]\T1/ptm/b/n/14.4 Generarea distribu[]iilor cu-rate de date (Ge-ne-rate Clean 
Folds)\T1/ptm/m/n/14.4 : Scrip-
 []


Overfull \hbox (18.51527pt too wide) in paragraph at lines 976--977
\T1/ptm/b/n/14.4 Data Per-Client Per-Round)\T1/ptm/m/n/14.4 : Scrip-tul \T1/cmt
t/m/n/14.4 generate_poisoned_per_client-
 []


Overfull \hbox (12.15192pt too wide) in paragraph at lines 976--977
\T1/cmtt/m/n/14.4 .py \T1/ptm/m/n/14.4 cite[]te ma-p -rile cu-rate ge-ne-rate a
n-te-rior []i, pen-tru fi-e-care cli-ent mali[]ios
 []


Overfull \hbox (12.41856pt too wide) in paragraph at lines 976--977
\OML/ztmcm/m/it/14.4 m$ []\T1/ptm/m/n/14.4 i fi-e-care rund  $\OML/ztmcm/m/it/1
4.4 r$\T1/ptm/m/n/14.4 , se-lec-teaz  un pro-cent \T1/cmtt/m/n/14.4 poison_perc
entage \T1/ptm/m/n/14.4 din fi[]ierele
 []

[59]
Overfull \hbox (0.49554pt too wide) in paragraph at lines 982--983
\T1/ptm/m/n/14.4 ca-p t  rol de clien[]i mali[]io[]i, uti-li-zând da-tele din \
T1/cmtt/m/n/14.4 data_distribution_-
 []


Overfull \hbox (3.85042pt too wide) in paragraph at lines 983--984
[]\T1/ptm/b/n/14.4 Simularea sub atac []i cu protec[]ie ac-tiv  (Po-i-so-ned + 
De-fense)\T1/ptm/m/n/14.4 : Aceea[]i
 []

[60]
Overfull \hbox (19.74521pt too wide) in paragraph at lines 989--990
[]\T1/ptm/m/n/14.4 La fi-e-care din ace[]ti pa[]i, în ca-zul unei erori, pro-ce
-sul ce ges-tio-neaz  opera[]iuni-
 []

[61]
Overfull \hbox (8.12427pt too wide) in paragraph at lines 1003--1004
[]\T1/ptm/m/n/14.4 La fi-nal, re-zul-ta-tele sunt pre-zen-tate într-o form  com
-pa-ra-tiv , care eviden[]iaz 
 []


Overfull \hbox (11.32494pt too wide) in paragraph at lines 1003--1004
\T1/ptm/m/n/14.4 mu-l ri di-fe-rite []i poate re-lua ul-te-rior ex-pe-ri-men-tu
l por-nind de la aceea[]i configura-
 []


Overfull \hbox (2.16689pt too wide) in paragraph at lines 1009--1010
\T1/ptm/m/n/14.4 ale, edi-to-rul de cod []i lo-gica de con-fi-gu-rare a pro-iec
-te-lor []i si-mu-l -ri-lor. Backend-
 []


Overfull \hbox (2.5403pt too wide) in paragraph at lines 1009--1010
\T1/ptm/m/n/14.4 care, persisten[]a configura[]iilor []i comunica[]ia cu orches
-tra-to-rul re-mote. Aceast 
 []

[62]
Overfull \hbox (2.28706pt too wide) in paragraph at lines 1019--1020
[]\T1/cmtt/m/n/14.4 generate_poisoned_per_client.py \T1/ptm/m/n/14.4 aplic  ata
-cul de otr -vire per-client
 []


Overfull \hbox (12.08356pt too wide) in paragraph at lines 1028--1029
\T1/ptm/m/n/14.4 cli-ent (\T1/cmtt/m/n/14.4 client-_0.json\T1/ptm/m/n/14.4 , ..
., \T1/cmtt/m/n/14.4 client_N.json\T1/ptm/m/n/14.4 ) []i fi[]ierul \T1/cmtt/m/n
/14.4 validation.json
 []

[63]
Overfull \hbox (6.92545pt too wide) in paragraph at lines 1044--1045
[]\T1/ptm/m/n/14.4 Se exe-cut  co-manda \T1/cmtt/m/n/14.4 semgrep scan --config
 auto --json\T1/ptm/m/n/14.4 , care aplic 
 []


Overfull \hbox (20.88387pt too wide) in paragraph at lines 1046--1047
\T1/ptm/m/n/14.4 cate (iden-ti-fi-ca-to-rul re-gu-lii, li-nia de cod afec-tat  
[]i des-cri-e-rea vulnerabilit []ii); 
 []


Overfull \hbox (6.75952pt too wide) in paragraph at lines 1056--1057
\T1/ptm/m/n/14.4 Aceast  func[]ionalitate ex-tinde sem-ni-fi-ca-tiv ca-pa-ci-ta
-tea de ex-pe-ri-men-tare, permi-
 []

[64]
Overfull \hbox (9.17612pt too wide) in paragraph at lines 1065--1066
[]\T1/ptm/b/n/14.4 Validare sin-tac-tic \T1/ptm/m/n/14.4 : co-dul este ana-li-z
at prin mo-du-lul Py-thon \T1/cmtt/m/n/14.4 ast.parse()
 []


Overfull \hbox (0.29245pt too wide) in paragraph at lines 1066--1067
[]\T1/ptm/b/n/14.4 Verificare struc-tu-ral \T1/ptm/m/n/14.4 : se par-curge ar-b
o-rele sin-tac-tic abs-tract (AST) pen-
 []

[65] [66]
Overfull \hbox (4.85556pt too wide) in paragraph at lines 1100--1101
\T1/ptm/m/n/14.4 auto-mat, \T1/cmtt/m/n/14.4 summary.txt \T1/ptm/m/n/14.4 ofer 
 un re-zu-mat tex-tual al si-mu-l -rii, iar \T1/cmtt/m/n/14.4 attack_info.-
 []


Overfull \hbox (8.91803pt too wide) in paragraph at lines 1104--1105
\T1/ptm/m/n/14.4 plat-forma ofer  atât tra-sa-bi-li-tate ad-mi-nis-tra-tiv , câ
t []i tra-sa-bi-li-tate teh-nic . Aceas-
 []

[67]
Underfull \hbox (badness 10000) in paragraph at lines 1117--1118
[]|\T1/ptm/b/n/10 Rezultat
 []


Underfull \hbox (badness 5036) in paragraph at lines 1119--1119
[]|\T1/ptm/m/n/10 Încarc  un fi[]ier Py-thon care
 []


Underfull \hbox (badness 10000) in paragraph at lines 1119--1120
[]|\T1/ptm/m/n/10 Validarea
 []


Underfull \hbox (badness 10000) in paragraph at lines 1119--1120
\T1/ptm/m/n/10 re-tur-neaz 
 []


Underfull \hbox (badness 1112) in paragraph at lines 1119--1120
\T1/ptm/m/n/10 suc-ces; si-mu-
 []


Underfull \hbox (badness 1577) in paragraph at lines 1119--1120
\T1/ptm/m/n/10 la-rea poate fi
 []


Underfull \hbox (badness 6910) in paragraph at lines 1121--1121
[]|\T1/ptm/m/n/10 Func[]ie obli-ga-to-rie
 []


Underfull \hbox (badness 10000) in paragraph at lines 1121--1121
[]|\T1/ptm/m/n/10 Verific  dac  absen[]a
 []


Underfull \hbox (badness 3930) in paragraph at lines 1121--1121
\T1/ptm/m/n/10 unei func[]ii obli-ga-to-rii
 []


Underfull \hbox (badness 10000) in paragraph at lines 1121--1122
[]|\T1/ptm/m/n/10 Validarea
 []


Underfull \hbox (badness 10000) in paragraph at lines 1121--1122
\T1/ptm/m/n/10 e[]ueaz  cu
 []


Underfull \hbox (badness 10000) in paragraph at lines 1121--1122
\T1/ptm/m/n/10 tiv in-di-când
 []


Underfull \hbox (badness 2478) in paragraph at lines 1123--1123
[]|\T1/ptm/m/n/10 Încarc  un fi[]ier Py-thon cu o
 []


Underfull \hbox (badness 10000) in paragraph at lines 1123--1124
[]|\T1/ptm/m/n/10 Validarea
 []


Underfull \hbox (badness 10000) in paragraph at lines 1123--1124
\T1/ptm/m/n/10 e[]ueaz  cu
 []


Underfull \hbox (badness 10000) in paragraph at lines 1123--1124
\T1/ptm/m/n/10 me-saj de
 []


Underfull \hbox (badness 10000) in paragraph at lines 1123--1124
\T1/ptm/m/n/10 eroare de
 []


Underfull \hbox (badness 10000) in paragraph at lines 1123--1124
\T1/ptm/m/n/10 sin-tax ; si-
 []


Underfull \hbox (badness 10000) in paragraph at lines 1123--1124
\T1/ptm/m/n/10 mu-la-rea nu
 []


Underfull \hbox (badness 1178) in paragraph at lines 1125--1125
\T1/ptm/m/n/10 cu im-por-turi ne-per-mise
 []


Underfull \hbox (badness 1082) in paragraph at lines 1125--1125
[]|\T1/ptm/m/n/10 Încarc  un []ablon care im-port 
 []


Underfull \hbox (badness 10000) in paragraph at lines 1125--1126
[]|\T1/ptm/m/n/10 Validarea
 []


Underfull \hbox (badness 10000) in paragraph at lines 1125--1126
\T1/ptm/m/n/10 e[]ueaz  cu
 []


Underfull \hbox (badness 10000) in paragraph at lines 1125--1126
\T1/ptm/m/n/10 me-saj de
 []


Underfull \hbox (badness 10000) in paragraph at lines 1125--1126
\T1/ptm/m/n/10 se-cu-ri-tate;
 []


Underfull \hbox (badness 10000) in paragraph at lines 1125--1126
[]\T1/ptm/m/n/10 ablonul este
 []


Overfull \hbox (16.87967pt too wide) in paragraph at lines 1115--1128
 [][] 
 []


Underfull \hbox (badness 10000) in paragraph at lines 1139--1140
[]|\T1/ptm/b/n/10 Rezultat
 []


Underfull \hbox (badness 10000) in paragraph at lines 1141--1141
[]|\T1/ptm/m/n/10 Validare sin-tac-tic 
 []


Underfull \hbox (badness 10000) in paragraph at lines 1141--1142
[]|\T1/ptm/m/n/10 Platforma
 []


Underfull \hbox (badness 10000) in paragraph at lines 1141--1142
\T1/ptm/m/n/10 re-tur-neaz 
 []


Underfull \hbox (badness 7451) in paragraph at lines 1141--1142
\T1/ptm/m/n/10 tax ; func[]ia
 []


Underfull \hbox (badness 10000) in paragraph at lines 1143--1143
[]|\T1/ptm/m/n/10 Detectare func[]ie
 []


Underfull \hbox (badness 10000) in paragraph at lines 1143--1143
[]|\T1/ptm/m/n/10 Verific  dac 
 []


Underfull \hbox (badness 10000) in paragraph at lines 1143--1143
\T1/ptm/m/n/10 absen[]a func[]iei
 []


Underfull \hbox (badness 10000) in paragraph at lines 1143--1143
\T1/cmtt/m/n/10 custom_aggregate
 []


Underfull \hbox (badness 10000) in paragraph at lines 1143--1144
[]|\T1/ptm/m/n/10 Platforma
 []


Underfull \hbox (badness 10000) in paragraph at lines 1143--1144
\T1/ptm/m/n/10 re-tur-neaz 
 []


Underfull \hbox (badness 10000) in paragraph at lines 1143--1144
\T1/ptm/m/n/10 eroare in-di-
 []


Underfull \hbox (badness 10000) in paragraph at lines 1143--1144
\T1/ptm/m/n/10 când func[]ia
 []


Underfull \hbox (badness 10000) in paragraph at lines 1143--1144
\T1/ptm/m/n/10 obli-ga-to-rie
 []


Underfull \hbox (badness 10000) in paragraph at lines 1145--1145
[]|\T1/ptm/m/n/10 Analiz  se-cu-ri-tate
 []


Underfull \hbox (badness 3907) in paragraph at lines 1145--1145
[]|\T1/ptm/m/n/10 Verific  dac  Sem-grep
 []


Underfull \hbox (badness 10000) in paragraph at lines 1145--1146
[]|\T1/ptm/m/n/10 Analiza de
 []


Underfull \hbox (badness 10000) in paragraph at lines 1145--1146
\T1/ptm/m/n/10 se-cu-ri-tate
 []


Underfull \hbox (badness 10000) in paragraph at lines 1145--1146
\T1/ptm/m/n/10 e[]ueaz ;
 []


Underfull \hbox (badness 10000) in paragraph at lines 1145--1146
\T1/ptm/m/n/10 per-sis-tat  pe
 []


Underfull \hbox (badness 1189) in paragraph at lines 1147--1147
[]|\T1/ptm/m/n/10 Verific  dac  si-mu-la-rea
 []


Underfull \hbox (badness 10000) in paragraph at lines 1147--1147
\T1/ptm/m/n/10 con-ti-nu  cu Fe-dAvg
 []


Underfull \hbox (badness 2285) in paragraph at lines 1147--1147
\T1/ptm/m/n/10 când func[]ia per-so-na-li-
 []


Underfull \hbox (badness 10000) in paragraph at lines 1147--1148
[]|\T1/ptm/m/n/10 Simularea
 []


Underfull \hbox (badness 5637) in paragraph at lines 1147--1148
\T1/ptm/m/n/10 sind Fe-dAvg;
 []


Underfull \hbox (badness 10000) in paragraph at lines 1147--1148
\T1/ptm/m/n/10 se în-re-gis-
 []


Underfull \hbox (badness 10000) in paragraph at lines 1147--1148
\T1/ptm/m/n/10 treaz  un
 []


Underfull \hbox (badness 10000) in paragraph at lines 1149--1149
[]|\T1/ptm/m/n/10 Validare sin-tac-tic 
 []


Underfull \hbox (badness 10000) in paragraph at lines 1149--1150
[]|\T1/ptm/m/n/10 Platforma
 []


Underfull \hbox (badness 10000) in paragraph at lines 1149--1150
\T1/ptm/m/n/10 re-tur-neaz 
 []


Underfull \hbox (badness 7451) in paragraph at lines 1149--1150
\T1/ptm/m/n/10 tax ; func[]ia
 []


Underfull \hbox (badness 1571) in paragraph at lines 1151--1151
[]|\T1/ptm/m/n/10 Izolare date po-i-so-
 []


Underfull \hbox (badness 1552) in paragraph at lines 1151--1151
\T1/ptm/m/n/10 va-lid ; porne[]te o si-mu-lare cu
 []


Underfull \hbox (badness 10000) in paragraph at lines 1151--1152
[]|\T1/ptm/m/n/10 Doar ima-gi-
 []


Underfull \hbox (badness 10000) in paragraph at lines 1151--1152
\T1/ptm/m/n/10 nile alo-cate
 []


Underfull \hbox (badness 10000) in paragraph at lines 1151--1152
\T1/ptm/m/n/10 clien[]ilor
 []


Underfull \hbox (badness 3701) in paragraph at lines 1151--1152
\T1/ptm/m/n/10 mali[]io[]i sunt
 []


Underfull \hbox (badness 10000) in paragraph at lines 1151--1152
\T1/ptm/m/n/10 mo-di-fi-cate;
 []


Underfull \hbox (badness 3769) in paragraph at lines 1151--1152
\T1/ptm/m/n/10 res-tul r mâne
 []


Overfull \hbox (16.87967pt too wide) in paragraph at lines 1137--1154
 [][] 
 []

[68]
Underfull \hbox (badness 10000) in paragraph at lines 1165--1166
[]|\T1/ptm/b/n/10 Rezultat
 []


Underfull \hbox (badness 4713) in paragraph at lines 1167--1167
[]|[]\T1/ptm/m/n/10 ablon cu sem-n -
 []


Underfull \hbox (badness 1253) in paragraph at lines 1167--1167
[]|\T1/ptm/m/n/10 Verific  dac  o func[]ie
 []


Underfull \hbox (badness 10000) in paragraph at lines 1167--1168
[]|\T1/ptm/m/n/10 Validarea
 []


Underfull \hbox (badness 10000) in paragraph at lines 1167--1168
\T1/ptm/m/n/10 e[]ueaz  cu
 []


Underfull \hbox (badness 10000) in paragraph at lines 1167--1168
\T1/ptm/m/n/10 me-saj ce
 []


Underfull \hbox (badness 1776) in paragraph at lines 1167--1168
\T1/ptm/m/n/10 in-dic  in-com-
 []


Underfull \hbox (badness 10000) in paragraph at lines 1167--1168
\T1/ptm/m/n/10 pa-ti-bi-li-ta-tea
 []


Underfull \hbox (badness 10000) in paragraph at lines 1169--1169
[]|\T1/ptm/m/n/10 Poisoning re-tur-
 []


Underfull \hbox (badness 1189) in paragraph at lines 1169--1169
[]|\T1/ptm/m/n/10 Verific  dac  si-mu-la-rea
 []


Underfull \hbox (badness 10000) in paragraph at lines 1169--1169
[]|\T1/ptm/m/n/10 Define[]te o func[]ie
 []


Underfull \hbox (badness 10000) in paragraph at lines 1169--1169
\T1/cmtt/m/n/10 custom_poison \T1/ptm/m/n/10 care re-tur-
 []


Underfull \hbox (badness 10000) in paragraph at lines 1169--1170
[]|\T1/ptm/m/n/10 Simularea
 []


Underfull \hbox (badness 10000) in paragraph at lines 1169--1170
\T1/ptm/m/n/10 se opre[]te
 []


Underfull \hbox (badness 10000) in paragraph at lines 1169--1170
\T1/ptm/m/n/10 con-tro-lat; se
 []


Underfull \hbox (badness 2393) in paragraph at lines 1169--1170
\T1/ptm/m/n/10 saj de eroare
 []


Underfull \hbox (badness 1661) in paragraph at lines 1171--1171
[]|\T1/ptm/m/n/10 Fallback CPU f r 
 []


Underfull \hbox (badness 1189) in paragraph at lines 1171--1171
[]|\T1/ptm/m/n/10 Verific  dac  si-mu-la-rea
 []


Underfull \hbox (badness 1248) in paragraph at lines 1171--1171
\T1/ptm/m/n/10 con-ti-nu  pe CPU când
 []


Underfull \hbox (badness 10000) in paragraph at lines 1171--1172
[]|\T1/ptm/m/n/10 Simularea
 []


Underfull \hbox (badness 10000) in paragraph at lines 1171--1172
\T1/ptm/m/n/10 porne[]te pe
 []


Underfull \hbox (badness 10000) in paragraph at lines 1171--1172
\T1/ptm/m/n/10 CPU dup 
 []


Underfull \hbox (badness 10000) in paragraph at lines 1171--1172
\T1/ptm/m/n/10 ex-pi-ra-rea
 []


Underfull \hbox (badness 10000) in paragraph at lines 1171--1172
\T1/ptm/m/n/10 timeout-ului
 []


Underfull \hbox (badness 10000) in paragraph at lines 1171--1172
\T1/ptm/m/n/10 de a[]teptare
 []


Underfull \hbox (badness 4084) in paragraph at lines 1173--1173
[]|\T1/ptm/m/n/10 Pierdere con-e-xiune
 []


Underfull \hbox (badness 6825) in paragraph at lines 1173--1174
[]|\T1/ptm/m/n/10 Simularea nu
 []


Underfull \hbox (badness 10000) in paragraph at lines 1173--1174
\T1/ptm/m/n/10 pierde date
 []


Underfull \hbox (badness 1137) in paragraph at lines 1173--1174
\T1/ptm/m/n/10 deja ge-ne-rate;
 []


Underfull \hbox (badness 10000) in paragraph at lines 1173--1174
\T1/ptm/m/n/10 sta-tu-sul este
 []


Underfull \hbox (badness 3792) in paragraph at lines 1173--1174
\T1/ptm/m/n/10 mar-cat co-res-
 []


Underfull \hbox (badness 10000) in paragraph at lines 1175--1175
[]|\T1/ptm/m/n/10 Verific  dac  opri-rea
 []


Underfull \hbox (badness 10000) in paragraph at lines 1175--1176
[]|\T1/ptm/m/n/10 Procesele
 []


Underfull \hbox (badness 10000) in paragraph at lines 1175--1176
\T1/ptm/m/n/10 se în-chid,
 []


Underfull \hbox (badness 10000) in paragraph at lines 1175--1176
\T1/ptm/m/n/10 GPU-ul este
 []


Overfull \hbox (16.87967pt too wide) in paragraph at lines 1163--1178
 [][] 
 []

[69]
Underfull \hbox (badness 10000) in paragraph at lines 1189--1190
[]|\T1/ptm/b/n/10 Rezultat
 []


Underfull \hbox (badness 6559) in paragraph at lines 1191--1191
[]|\T1/ptm/m/n/10 Sesiune de ve-ri-fi-
 []


Underfull \hbox (badness 10000) in paragraph at lines 1191--1192
[]|\T1/ptm/m/n/10 Sesiunea de
 []


Underfull \hbox (badness 10000) in paragraph at lines 1191--1192
\T1/ptm/m/n/10 an-tre-nare de
 []


Underfull \hbox (badness 10000) in paragraph at lines 1191--1192
\T1/ptm/m/n/10 ve-ri-fi-care se
 []


Underfull \hbox (badness 10000) in paragraph at lines 1191--1192
\T1/ptm/m/n/10 fi-na-li-zeaz ;
 []


Underfull \hbox (badness 10000) in paragraph at lines 1191--1192
\T1/ptm/m/n/10 acurate[]ea
 []


Underfull \hbox (badness 10000) in paragraph at lines 1191--1192
\T1/ptm/m/n/10 ini[]ial  este
 []


Underfull \hbox (badness 6364) in paragraph at lines 1193--1193
[]|\T1/ptm/m/n/10 Desc rcare set de
 []


Underfull \hbox (badness 10000) in paragraph at lines 1193--1194
[]|\T1/ptm/m/n/10 Datele sunt
 []


Underfull \hbox (badness 10000) in paragraph at lines 1193--1194
\T1/ptm/m/n/10 pre-zente în
 []


Underfull \hbox (badness 10000) in paragraph at lines 1193--1194
\T1/ptm/m/n/10 di-rec-to-rul
 []


Underfull \hbox (badness 10000) in paragraph at lines 1193--1194
\T1/ptm/m/n/10 de lu-cru al
 []


Underfull \hbox (badness 1259) in paragraph at lines 1193--1194
\T1/ptm/m/n/10 etapa de des-
 []


Underfull \hbox (badness 10000) in paragraph at lines 1195--1195
[]|\T1/ptm/m/n/10 Porne[]te o si-mu-lare; in-
 []


Underfull \hbox (badness 10000) in paragraph at lines 1195--1195
\T1/ptm/m/n/10 spec-teaz  fi[]ierele din
 []


Underfull \hbox (badness 10000) in paragraph at lines 1195--1196
[]|\T1/ptm/m/n/10 Exist 
 []


Underfull \hbox (badness 10000) in paragraph at lines 1195--1196
\T1/cmtt/m/n/10 valida-
 []


Underfull \hbox (badness 1953) in paragraph at lines 1195--1196
\T1/ptm/m/n/10 câte un fi[]ier
 []


Underfull \hbox (badness 10000) in paragraph at lines 1195--1196
\T1/ptm/m/n/10 de ma-pare
 []


Underfull \hbox (badness 10000) in paragraph at lines 1195--1196
\T1/ptm/m/n/10 per cli-ent;
 []


Underfull \hbox (badness 10000) in paragraph at lines 1195--1196
\T1/ptm/m/n/10 distribu[]ia
 []


Underfull \hbox (badness 6893) in paragraph at lines 1195--1196
\T1/ptm/m/n/10 aco-per  toate
 []


Underfull \hbox (badness 2237) in paragraph at lines 1197--1197
\T1/ptm/m/n/10 vite sunt cre-ate co-rect
 []


Underfull \hbox (badness 2564) in paragraph at lines 1197--1197
[]|\T1/ptm/m/n/10 Porne[]te si-mu-la-rea cu un atac
 []


Underfull \hbox (badness 4429) in paragraph at lines 1197--1197
\T1/ptm/m/n/10 spe-ci-fic; in-spec-teaz  di-rec-to-rul
 []


Underfull \hbox (badness 10000) in paragraph at lines 1197--1198
[]|\T1/ptm/m/n/10 Directorul
 []


Underfull \hbox (badness 10000) in paragraph at lines 1197--1198
\T1/ptm/m/n/10 con[]ine sub-
 []


Underfull \hbox (badness 10000) in paragraph at lines 1197--1198
\T1/ptm/m/n/10 di-rec-toare
 []


Underfull \hbox (badness 10000) in paragraph at lines 1197--1198
\T1/ptm/m/n/10 pe runde,
 []


Underfull \hbox (badness 10000) in paragraph at lines 1197--1198
\T1/ptm/m/n/10 cu ima-gi-nile
 []


Underfull \hbox (badness 10000) in paragraph at lines 1197--1198
\T1/ptm/m/n/10 mo-di-fi-cate
 []


Underfull \hbox (badness 10000) in paragraph at lines 1199--1199
[]|\T1/ptm/m/n/10 Verific  dac  toate
 []


Underfull \hbox (badness 10000) in paragraph at lines 1199--1200
[]|\T1/ptm/m/n/10 Fi[]ierele de
 []


Underfull \hbox (badness 10000) in paragraph at lines 1199--1200
\T1/ptm/m/n/10 ana-liz  []i
 []


Underfull \hbox (badness 10000) in paragraph at lines 1199--1200
\T1/ptm/m/n/10 su-mar sunt
 []


Underfull \hbox (badness 10000) in paragraph at lines 1199--1200
\T1/ptm/m/n/10 pre-zente []i
 []


Underfull \hbox (badness 1117) in paragraph at lines 1199--1200
\T1/ptm/m/n/10 con[]in me-trici
 []


Underfull \hbox (badness 10000) in paragraph at lines 1199--1200
\T1/ptm/m/n/10 pen-tru toate
 []


Underfull \hbox (badness 10000) in paragraph at lines 1199--1200
\T1/ptm/m/n/10 cele pa-tru
 []


Overfull \hbox (16.87967pt too wide) in paragraph at lines 1187--1202
 [][] 
 []

[70]
Underfull \hbox (badness 10000) in paragraph at lines 1213--1214
[]|\T1/ptm/b/n/10 Rezultat
 []

LaTeX Info: Symbol \textrightarrow not provided by
            font family ptm in TS1 encoding.
            Default family used instead on input line 1215.

Underfull \hbox (badness 10000) in paragraph at lines 1215--1215
[]|\T1/ptm/m/n/10 Transmitere
 []


Underfull \hbox (badness 10000) in paragraph at lines 1215--1215
\T1/ptm/m/n/10 configura[]ie Fron-
 []


Underfull \hbox (badness 10000) in paragraph at lines 1215--1216
[]|\T1/ptm/m/n/10 Backend-ul
 []


Underfull \hbox (badness 10000) in paragraph at lines 1215--1216
\T1/ptm/m/n/10 prime[]te
 []


Underfull \hbox (badness 10000) in paragraph at lines 1215--1216
\T1/ptm/m/n/10 configura[]ia
 []


Underfull \hbox (badness 10000) in paragraph at lines 1215--1216
\T1/ptm/m/n/10 sto-cheaz  în
 []

LaTeX Info: Symbol \textrightarrow not provided by
            font family ptm in TS1 encoding.
            Default family used instead on input line 1217.

Underfull \hbox (badness 10000) in paragraph at lines 1217--1217
[]|\T1/ptm/m/n/10 Transmitere pa-
 []


Underfull \hbox (badness 10000) in paragraph at lines 1217--1217
\T1/ptm/m/n/10 ra-me-tri Ba-c-
 []


Underfull \hbox (badness 2865) in paragraph at lines 1217--1217
[]|\T1/ptm/m/n/10 Verific  dac  backend-
 []


Underfull \hbox (badness 1253) in paragraph at lines 1217--1217
\T1/ptm/m/n/10 ul trans-mite co-rect pa-
 []


Underfull \hbox (badness 2277) in paragraph at lines 1217--1217
\T1/ptm/m/n/10 ra-me-trii si-mu-l -rii c -tre
 []


Underfull \hbox (badness 10000) in paragraph at lines 1217--1218
[]|\T1/ptm/m/n/10 Orchestratorul
 []


Underfull \hbox (badness 10000) in paragraph at lines 1217--1218
\T1/ptm/m/n/10 prime[]te to[]i
 []


Underfull \hbox (badness 10000) in paragraph at lines 1217--1218
\T1/ptm/m/n/10 pa-ra-me-trii
 []


Underfull \hbox (badness 10000) in paragraph at lines 1217--1218
\T1/ptm/m/n/10 ne-ce-sari []i
 []


Underfull \hbox (badness 10000) in paragraph at lines 1217--1218
\T1/ptm/m/n/10 con-firm 
 []

LaTeX Info: Symbol \textrightarrow not provided by
            font family ptm in TS1 encoding.
            Default family used instead on input line 1219.

Underfull \hbox (badness 10000) in paragraph at lines 1219--1219
[]|\T1/ptm/m/n/10 Recep[]ie re-zul-
 []


Underfull \hbox (badness 10000) in paragraph at lines 1219--1219
\T1/ptm/m/n/10 tate Orches-tra-
 []


Underfull \hbox (badness 10000) in paragraph at lines 1219--1219
\T1/ptm/m/n/10 fi-nale ajung []i sunt
 []


Underfull \hbox (badness 10000) in paragraph at lines 1219--1220
[]|\T1/ptm/m/n/10 Metricile
 []


Underfull \hbox (badness 10000) in paragraph at lines 1219--1220
\T1/ptm/m/n/10 din fi[]ierele
 []


Underfull \hbox (badness 10000) in paragraph at lines 1219--1220
\T1/ptm/m/n/10 JSON sunt
 []


Underfull \hbox (badness 10000) in paragraph at lines 1219--1220
\T1/ptm/m/n/10 afi[]ate co-rect
 []


Underfull \hbox (badness 10000) in paragraph at lines 1219--1220
\T1/ptm/m/n/10 în interfa[]a
 []


Underfull \hbox (badness 5681) in paragraph at lines 1221--1221
[]|\T1/ptm/m/n/10 Autentificare inter-
 []


Underfull \hbox (badness 1466) in paragraph at lines 1221--1221
\T1/ptm/m/n/10 se au-ten-ti-fic  co-rect la
 []


Underfull \hbox (badness 3302) in paragraph at lines 1221--1221
[]|\T1/ptm/m/n/10 Inspecteaz  header-ele ce-re-ri-lor
 []


Underfull \hbox (badness 2837) in paragraph at lines 1221--1221
\T1/ptm/m/n/10 cearc  o ce-rere cu creden[]iale
 []


Underfull \hbox (badness 10000) in paragraph at lines 1221--1222
\T1/ptm/m/n/10 sunt ac-cep-
 []


Underfull \hbox (badness 2818) in paragraph at lines 1221--1222
\T1/ptm/m/n/10 tate; cele cu
 []


Underfull \hbox (badness 10000) in paragraph at lines 1221--1222
\T1/ptm/m/n/10 creden[]iale
 []


Underfull \hbox (badness 1127) in paragraph at lines 1221--1222
\T1/ptm/m/n/10 in-co-recte sunt
 []


Underfull \hbox (badness 10000) in paragraph at lines 1221--1222
\T1/ptm/m/n/10 res-pinse cu
 []


Overfull \hbox (16.87967pt too wide) in paragraph at lines 1211--1224
 [][] 
 []

[71]
Underfull \hbox (badness 10000) in paragraph at lines 1235--1236
[]|\T1/ptm/b/n/10 Rezultat
 []


Underfull \hbox (badness 6157) in paragraph at lines 1237--1237
[]|\T1/ptm/m/n/10 Verific  dac  se-siu-nea
 []


Underfull \hbox (badness 6691) in paragraph at lines 1237--1237
\T1/ptm/m/n/10 Web-So-c-ket se ini[]iaz 
 []


Underfull \hbox (badness 1533) in paragraph at lines 1237--1237
[]|\T1/ptm/m/n/10 Porne[]te o si-mu-lare []i ob-serv 
 []


Underfull \hbox (badness 10000) in paragraph at lines 1237--1238
[]|\T1/ptm/m/n/10 Conexiunea
 []


Underfull \hbox (badness 10000) in paragraph at lines 1237--1238
\T1/ptm/m/n/10 Web-So-c-ket
 []


Underfull \hbox (badness 2894) in paragraph at lines 1237--1238
\T1/ptm/m/n/10 apare ca sta-
 []


Underfull \hbox (badness 6792) in paragraph at lines 1237--1238
\T1/ptm/m/n/10 bi-lit  ime-diat
 []


Underfull \hbox (badness 1789) in paragraph at lines 1237--1238
\T1/ptm/m/n/10 dup  por-ni-rea
 []


Underfull \hbox (badness 2762) in paragraph at lines 1239--1239
\T1/ptm/m/n/10 mu-l -rii se ac-tu-a-li-zeaz 
 []


Underfull \hbox (badness 2799) in paragraph at lines 1239--1239
\T1/ptm/m/n/10 interfa[]a afi[]eaz  etapa cu-rent 
 []


Underfull \hbox (badness 2662) in paragraph at lines 1239--1240
[]|\T1/ptm/m/n/10 Etapa cu-rent 
 []


Underfull \hbox (badness 10000) in paragraph at lines 1239--1240
[]\T1/ptm/m/n/10 i pro-cen-tul
 []


Underfull \hbox (badness 10000) in paragraph at lines 1239--1240
\T1/ptm/m/n/10 ac-tu-a-li-zeaz 
 []


Underfull \hbox (badness 10000) in paragraph at lines 1239--1240
\T1/ptm/m/n/10 auto-mat la
 []


Underfull \hbox (badness 3679) in paragraph at lines 1239--1240
\T1/ptm/m/n/10 fi-e-care câ-teva
 []


Underfull \hbox (badness 10000) in paragraph at lines 1241--1241
[]|\T1/ptm/m/n/10 Reconectare auto-
 []


Underfull \hbox (badness 1496) in paragraph at lines 1241--1241
\T1/ptm/m/n/10 So-c-ket dup  o în-tre-ru-
 []


Underfull \hbox (badness 10000) in paragraph at lines 1241--1242
[]|\T1/ptm/m/n/10 Interfa[]a se
 []


Underfull \hbox (badness 10000) in paragraph at lines 1241--1242
\T1/ptm/m/n/10 re-co-nec-teaz 
 []


Underfull \hbox (badness 3792) in paragraph at lines 1241--1242
\T1/ptm/m/n/10 recep[]ia ac-tu-
 []


Underfull \hbox (badness 3792) in paragraph at lines 1241--1242
\T1/ptm/m/n/10 a-li-z -ri-lor f r 
 []


Underfull \hbox (badness 10000) in paragraph at lines 1241--1242
\T1/ptm/m/n/10 interven[]ie
 []


Underfull \hbox (badness 10000) in paragraph at lines 1243--1244
[]|\T1/ptm/m/n/10 Interfa[]a
 []


Underfull \hbox (badness 10000) in paragraph at lines 1243--1244
\T1/ptm/m/n/10 afi[]eaz  no-
 []


Underfull \hbox (badness 10000) in paragraph at lines 1243--1244
\T1/ptm/m/n/10 ti-fi-ca-rea de
 []


Underfull \hbox (badness 10000) in paragraph at lines 1243--1244
\T1/ptm/m/n/10 fi-na-li-zare
 []


Underfull \hbox (badness 10000) in paragraph at lines 1243--1244
[]\T1/ptm/m/n/10 i ac-ti-veaz 
 []


Underfull \hbox (badness 10000) in paragraph at lines 1243--1244
\T1/ptm/m/n/10 bu-to-nul de
 []


Underfull \hbox (badness 10000) in paragraph at lines 1243--1244
\T1/ptm/m/n/10 vi-zu-a-li-zare
 []


Overfull \hbox (16.87967pt too wide) in paragraph at lines 1233--1246
 [][] 
 []

[72]
Underfull \hbox (badness 10000) in paragraph at lines 1257--1258
[]|\T1/ptm/b/n/10 Rezultat
 []


Underfull \hbox (badness 10000) in paragraph at lines 1259--1259
[]|\T1/ptm/m/n/10 Interogare sta-tus
 []


Underfull \hbox (badness 10000) in paragraph at lines 1259--1259
[]|\T1/ptm/m/n/10 Verific  dac  sta-rea
 []


Underfull \hbox (badness 10000) in paragraph at lines 1259--1259
\T1/ptm/m/n/10 GPU-urilor dis-po-ni-bile
 []


Underfull \hbox (badness 10000) in paragraph at lines 1259--1260
\T1/ptm/m/n/10 dis-po-ni-bile
 []


Underfull \hbox (badness 10000) in paragraph at lines 1259--1260
\T1/ptm/m/n/10 pre-lu-ate prin
 []


Underfull \hbox (badness 10000) in paragraph at lines 1259--1260
\T1/ptm/m/n/10 in-te-ro-ga-rea
 []


Underfull \hbox (badness 10000) in paragraph at lines 1261--1261
[]|\T1/ptm/m/n/10 Alocare ex-clu-siv 
 []


Underfull \hbox (badness 2653) in paragraph at lines 1261--1262
[]|\T1/ptm/m/n/10 Fiecare si-mu-
 []


Underfull \hbox (badness 10000) in paragraph at lines 1261--1262
\T1/ptm/m/n/10 lare prime[]te
 []


Underfull \hbox (badness 2865) in paragraph at lines 1261--1262
\T1/ptm/m/n/10 un GPU dis-
 []


Underfull \hbox (badness 1789) in paragraph at lines 1261--1262
\T1/ptm/m/n/10 alo-care du-pli-
 []


Underfull \hbox (badness 10000) in paragraph at lines 1263--1263
[]|\T1/ptm/m/n/10 Verific  dac  GPU-ul
 []


Underfull \hbox (badness 1895) in paragraph at lines 1263--1263
\T1/ptm/m/n/10 ri-fic  sta-tu-sul GPU-ului în log
 []


Underfull \hbox (badness 1789) in paragraph at lines 1263--1264
[]|\T1/ptm/m/n/10 GPU-ul apare
 []


Underfull \hbox (badness 10000) in paragraph at lines 1263--1264
\T1/ptm/m/n/10 dis-po-ni-bil în
 []


Underfull \hbox (badness 4072) in paragraph at lines 1263--1264
\T1/ptm/m/n/10 coada de re-
 []


Underfull \hbox (badness 6825) in paragraph at lines 1263--1264
\T1/ptm/m/n/10 surse ime-diat
 []


Underfull \hbox (badness 3769) in paragraph at lines 1263--1264
\T1/ptm/m/n/10 dup  în-che-ie-
 []


Underfull \hbox (badness 10000) in paragraph at lines 1265--1265
[]|\T1/ptm/m/n/10 Eliberare GPU la
 []


Underfull \hbox (badness 10000) in paragraph at lines 1265--1265
[]|\T1/ptm/m/n/10 Verific  dac  GPU-ul
 []


Underfull \hbox (badness 10000) in paragraph at lines 1265--1266
[]|\T1/ptm/m/n/10 GPU-ul este
 []


Underfull \hbox (badness 10000) in paragraph at lines 1265--1266
\T1/ptm/m/n/10 eli-be-rat in-
 []


Underfull \hbox (badness 10000) in paragraph at lines 1265--1266
\T1/ptm/m/n/10 di-fe-rent de
 []


Underfull \hbox (badness 2393) in paragraph at lines 1265--1266
\T1/ptm/m/n/10 etapa în care
 []


Underfull \hbox (badness 10000) in paragraph at lines 1265--1266
\T1/ptm/m/n/10 s-a pro-dus
 []


Overfull \hbox (16.87967pt too wide) in paragraph at lines 1255--1268
 [][] 
 []

[73]
Underfull \hbox (badness 10000) in paragraph at lines 1279--1280
[]|\T1/ptm/b/n/10 Rezultat
 []


Underfull \hbox (badness 10000) in paragraph at lines 1281--1281
[]|\T1/ptm/m/n/10 Anulare în etap 
 []


Underfull \hbox (badness 6173) in paragraph at lines 1281--1281
[]|\T1/ptm/m/n/10 Verific  dac  anu-la-rea
 []


Underfull \hbox (badness 10000) in paragraph at lines 1281--1282
[]|\T1/ptm/m/n/10 Simularea se
 []


Underfull \hbox (badness 10000) in paragraph at lines 1281--1282
\T1/ptm/m/n/10 opre[]te; nu
 []


Underfull \hbox (badness 10000) in paragraph at lines 1281--1282
\T1/ptm/m/n/10 se con-sum 
 []


Underfull \hbox (badness 10000) in paragraph at lines 1281--1282
\T1/ptm/m/n/10 re-surse GPU
 []


Underfull \hbox (badness 10000) in paragraph at lines 1283--1283
[]|\T1/ptm/m/n/10 Anulare în etap 
 []


Underfull \hbox (badness 6173) in paragraph at lines 1283--1283
[]|\T1/ptm/m/n/10 Verific  dac  anu-la-rea
 []


Underfull \hbox (badness 10000) in paragraph at lines 1283--1283
\T1/ptm/m/n/10 avan-sate ale pipeline-
 []


Underfull \hbox (badness 10000) in paragraph at lines 1283--1284
[]|\T1/ptm/m/n/10 Simularea se
 []


Underfull \hbox (badness 5133) in paragraph at lines 1283--1284
\T1/ptm/m/n/10 opre[]te; pro-
 []


Underfull \hbox (badness 10000) in paragraph at lines 1283--1284
\T1/ptm/m/n/10 ce-sele co-pil
 []


Underfull \hbox (badness 10000) in paragraph at lines 1283--1284
\T1/ptm/m/n/10 sunt ter-mi-
 []


Underfull \hbox (badness 2020) in paragraph at lines 1283--1284
\T1/ptm/m/n/10 nate; GPU-ul
 []


Underfull \hbox (badness 1189) in paragraph at lines 1285--1285
[]|\T1/ptm/m/n/10 Verific  dac  di-rec-to-rul
 []


Underfull \hbox (badness 6859) in paragraph at lines 1285--1286
[]|\T1/ptm/m/n/10 Directorul de
 []


Underfull \hbox (badness 1043) in paragraph at lines 1285--1286
\T1/ptm/m/n/10 mai exist  pe
 []


Underfull \hbox (badness 1242) in paragraph at lines 1287--1287
[]|\T1/ptm/m/n/10 Status ac-tu-a-li-zat la
 []


Underfull \hbox (badness 7064) in paragraph at lines 1287--1287
\T1/ptm/m/n/10 mu-l -rii re-flect  co-rect
 []


Underfull \hbox (badness 10000) in paragraph at lines 1287--1288
[]|\T1/ptm/m/n/10 Simularea
 []


Underfull \hbox (badness 10000) in paragraph at lines 1287--1288
\T1/ptm/m/n/10 sul \T1/ptm/m/it/10 can-ce-l-led
 []


Underfull \hbox (badness 10000) in paragraph at lines 1287--1288
\T1/ptm/m/n/10 în interfa[]a
 []


Overfull \hbox (16.87967pt too wide) in paragraph at lines 1277--1290
 [][] 
 []

[74]
Underfull \hbox (badness 10000) in paragraph at lines 1301--1302
[]|\T1/ptm/b/n/10 Rezultat
 []


Underfull \hbox (badness 1558) in paragraph at lines 1303--1303
\T1/ptm/m/n/10 to-ken ex-pi-rat sunt res-
 []


Underfull \hbox (badness 10000) in paragraph at lines 1303--1304
[]|\T1/ptm/m/n/10 API-ul re-
 []


Underfull \hbox (badness 10000) in paragraph at lines 1303--1304
\T1/ptm/m/n/10 tur-neaz  cod
 []


Underfull \hbox (badness 10000) in paragraph at lines 1303--1304
\T1/ptm/m/n/10 401; ce-re-rea
 []


Underfull \hbox (badness 2875) in paragraph at lines 1305--1305
\T1/ptm/m/n/10 tic  de-tec-teaz  []i blo-
 []


Underfull \hbox (badness 3668) in paragraph at lines 1305--1305
[]|\T1/ptm/m/n/10 Încarc  un []ablon sau func[]ie
 []


Underfull \hbox (badness 10000) in paragraph at lines 1305--1305
\T1/ptm/m/n/10 per-so-na-li-zat  care con[]ine
 []


Underfull \hbox (badness 1028) in paragraph at lines 1305--1305
\T1/cmtt/m/n/10 os.system \T1/ptm/m/n/10 sau \T1/cmtt/m/n/10 eval\T1/ptm/m/n/10
 ; în-cearc 
 []


Underfull \hbox (badness 10000) in paragraph at lines 1305--1306
[]|\T1/ptm/m/n/10 Analiza de
 []


Underfull \hbox (badness 10000) in paragraph at lines 1305--1306
\T1/ptm/m/n/10 se-cu-ri-tate
 []


Underfull \hbox (badness 10000) in paragraph at lines 1307--1307
[]|\T1/ptm/m/n/10 Izolare date în-tre
 []


Underfull \hbox (badness 1147) in paragraph at lines 1307--1307
[]|\T1/ptm/m/n/10 Autentificat ca uti-li-za-tor A, în-
 []


Underfull \hbox (badness 10000) in paragraph at lines 1307--1308
[]|\T1/ptm/m/n/10 API-ul re-
 []


Underfull \hbox (badness 10000) in paragraph at lines 1307--1308
\T1/ptm/m/n/10 tur-neaz  cod
 []


Underfull \hbox (badness 10000) in paragraph at lines 1307--1308
\T1/ptm/m/n/10 403; da-tele
 []


Underfull \hbox (badness 10000) in paragraph at lines 1307--1308
\T1/ptm/m/n/10 uti-li-za-to-ru-lui
 []


Underfull \hbox (badness 10000) in paragraph at lines 1307--1308
\T1/ptm/m/n/10 B nu sunt
 []


Underfull \hbox (badness 10000) in paragraph at lines 1309--1310
[]|\T1/ptm/m/n/10 Cererea este
 []


Underfull \hbox (badness 10000) in paragraph at lines 1309--1310
\T1/ptm/m/n/10 res-pins  de
 []


Underfull \hbox (badness 10000) in paragraph at lines 1309--1310
\T1/ptm/m/n/10 ba-c-kend cu
 []


Underfull \hbox (badness 10000) in paragraph at lines 1311--1312
[]|\T1/ptm/m/n/10 Nicio pa-rol 
 []


Underfull \hbox (badness 10000) in paragraph at lines 1311--1312
\T1/ptm/m/n/10 sau cheie
 []


Underfull \hbox (badness 10000) in paragraph at lines 1311--1312
\T1/ptm/m/n/10 se-cret  nu
 []


Underfull \hbox (badness 3590) in paragraph at lines 1311--1312
\T1/ptm/m/n/10 apare în text
 []


Underfull \hbox (badness 10000) in paragraph at lines 1311--1312
\T1/ptm/m/n/10 sau va-ri-a-bile
 []


Overfull \hbox (16.87967pt too wide) in paragraph at lines 1299--1314
 [][] 
 []

[75]
Overfull \hbox (16.60846pt too wide) in paragraph at lines 1324--1325
\T1/ptm/m/n/14.4 Contextul sis-te-mu-lui pre-zint  mar-gi-nile plat-for-mei []i
 entit []ile ex-terne care interac-
 []

<components/chapters/../images/Diagrama_Context_Anexa_A.png, id=905, 785.93625p
t x 368.1253pt>
File: components/chapters/../images/Diagrama_Context_Anexa_A.png Graphic file (
type png)
<use components/chapters/../images/Diagrama_Context_Anexa_A.png>
Package pdftex.def Info: components/chapters/../images/Diagrama_Context_Anexa_A
.png  used on input line 1328.
(pdftex.def)             Requested size: 409.71692pt x 191.90933pt.
[76]
Overfull \hbox (7.09048pt too wide) in paragraph at lines 1333--1334
\T1/ptm/m/n/14.4 terne, eviden[]iind interac[]iunile din-tre interfe[]ele pu-bl
ice []i pro-te-jate ale frontend-
 []

<components/chapters/../images/Diagrama_Context_2_Anexa_A.png, id=911, 1078.780
32pt x 429.10312pt>
File: components/chapters/../images/Diagrama_Context_2_Anexa_A.png Graphic file
 (type png)
<use components/chapters/../images/Diagrama_Context_2_Anexa_A.png>
Package pdftex.def Info: components/chapters/../images/Diagrama_Context_2_Anexa
_A.png  used on input line 1337.
(pdftex.def)             Requested size: 455.24101pt x 227.62pt.
[77 <./components/chapters/../images/Diagrama_Context_Anexa_A.png> <./component
s/chapters/../images/Diagrama_Context_2_Anexa_A.png>]
<components/chapters/../images/Diagrama_Componente.png, id=918, 889.07156pt x 3
83.93437pt>
File: components/chapters/../images/Diagrama_Componente.png Graphic file (type 
png)
<use components/chapters/../images/Diagrama_Componente.png>
Package pdftex.def Info: components/chapters/../images/Diagrama_Componente.png 
 used on input line 1349.
(pdftex.def)             Requested size: 455.24411pt x 196.58894pt.
<components/chapters/../images/Diagrama_Flux_Utilizator.png, id=919, 1087.81406
pt x 1510.89468pt>
File: components/chapters/../images/Diagrama_Flux_Utilizator.png Graphic file (
type png)
<use components/chapters/../images/Diagrama_Flux_Utilizator.png>
Package pdftex.def Info: components/chapters/../images/Diagrama_Flux_Utilizator
.png  used on input line 1362.
(pdftex.def)             Requested size: 409.71692pt x 569.07399pt.
 [78 <./components/chapters/../images/Diagrama_Componente.png>]
<components/chapters/../images/Diagrama_Flux_Simulare.png, id=926, 1618.54688pt
 x 1131.47719pt>
File: components/chapters/../images/Diagrama_Flux_Simulare.png Graphic file (ty
pe png)
<use components/chapters/../images/Diagrama_Flux_Simulare.png>
Package pdftex.def Info: components/chapters/../images/Diagrama_Flux_Simulare.p
ng  used on input line 1371.
(pdftex.def)             Requested size: 409.71692pt x 286.40791pt.
 [79 <./components/chapters/../images/Diagrama_Flux_Utilizator.png>]
<components/chapters/../images/Diagrama_ERD.png, id=932, 4675.4675pt x 7984.831
25pt>
File: components/chapters/../images/Diagrama_ERD.png Graphic file (type png)
<use components/chapters/../images/Diagrama_ERD.png>
Package pdftex.def Info: components/chapters/../images/Diagrama_ERD.png  used o
n input line 1382.
(pdftex.def)             Requested size: 308.62462pt x 527.07361pt.
 [80 <./components/chapters/../images/Diagrama_Flux_Simulare.png>] [81 <./compo
nents/chapters/../images/Diagrama_ERD.png>]
Overfull \hbox (4.62749pt too wide) in paragraph at lines 1401--1402
[]\T1/ptm/b/n/14.4 scikit-learn\T1/ptm/m/n/14.4 : bi-bli-o-teca fun-damen-tal  
pen-tru Ma-chine Lear-ning tradi[]ional
 []


Overfull \hbox (9.75453pt too wide) in paragraph at lines 1401--1402
\T1/ptm/m/n/14.4 Ran-dom Fo-rest, Su-pport Vec-tor Ma-chi-nes, Lo-gis-tic Re-gr
es-sion []i k-Nearest
 []


Underfull \hbox (badness 10000) in paragraph at lines 1418--1418
[]|\T1/ptm/m/n/10 TensorFlow
 []


Underfull \hbox (badness 4608) in paragraph at lines 1418--1419
[]|\T1/ptm/m/n/10 Antrenarea []i eva-lu-a-rea mo-de-le-lor din me-diul
 []


LaTeX Warning: `!h' float specifier changed to `!ht'.

[82] [83]
Overfull \hbox (0.84084pt too wide) in paragraph at lines 1481--1482
\T1/ptm/m/n/14.4 sare, asi-gu-rând com-pa-ti-bi-li-ta-tea în-tre di-fe-rite ver
-siuni []i re-du-când ris-cul apari[]iei
 []


Overfull \hbox (1.64598pt too wide) in paragraph at lines 1489--1490
\T1/ptm/m/n/14.4 Platforma uti-li-zeaz  dou  ser-vere REST API dis-tincte, fi-e
-care cu responsabilit []i
 []

[84]
Overfull \hbox (2.3242pt too wide) in paragraph at lines 1495--1496
\T1/ptm/m/n/14.4 po-nente. Si-mu-l -rile FL pot dura de la mi-nute la ore, f -c
ând im-po-si-bil  a[]teptarea
 []


Overfull \hbox (17.47118pt too wide) in paragraph at lines 1498--1499
[]\T1/ptm/m/n/14.4 Ini[]ierea si-mu-l -rii se re-a-li-zeaz  prin ce-re-rea POST
 c -tre ba-c-kend la endpoint-
 []


Overfull \hbox (11.98576pt too wide) in paragraph at lines 1507--1508
[]\T1/ptm/m/n/14.4 Execu[]ia Si-mu-l -ri-lor este orches-trat  prin endpoint-ul
 prin-ci-pal care prime[]-
 []

[85] [86]
Capitolul 4.

Overfull \hbox (4.47273pt too wide) in alignment at lines 1522--1528
 [] [] [] [] 
 []


Overfull \hbox (4.47273pt too wide) in alignment at lines 1528--1535
 [] [] [] [] 
 []


Overfull \hbox (4.47273pt too wide) in alignment at lines 1535--1537
 [] [] [] [] 
 []


Overfull \hbox (4.47273pt too wide) in alignment at lines 1537--1540
 [] [] [] [] 
 []


Underfull \hbox (badness 10000) in paragraph at lines 1549--1549
[]|\T1/ptm/m/n/10 Func[]ii Per-so-
 []


Underfull \hbox (badness 10000) in paragraph at lines 1551--1551
[]|\T1/ptm/m/n/10 Func[]ii Per-so-
 []


Underfull \hbox (badness 10000) in paragraph at lines 1553--1553
[]|\T1/ptm/m/n/10 Func[]ii Per-so-
 []


Underfull \hbox (badness 10000) in paragraph at lines 1555--1555
[]|\T1/ptm/m/n/10 Func[]ii Per-so-
 []


Underfull \hbox (badness 10000) in paragraph at lines 1557--1557
[]|\T1/ptm/m/n/10 Func[]ii Per-so-
 []


Underfull \hbox (badness 10000) in paragraph at lines 1559--1559
[]|\T1/ptm/m/n/10 Func[]ii Per-so-
 []


Underfull \hbox (badness 2245) in paragraph at lines 1561--1561
[]|\T1/ptm/m/n/10 Scenarii Ne-ga-
 []


Underfull \hbox (badness 2245) in paragraph at lines 1563--1563
[]|\T1/ptm/m/n/10 Scenarii Ne-ga-
 []


Underfull \hbox (badness 2245) in paragraph at lines 1565--1565
[]|\T1/ptm/m/n/10 Scenarii Ne-ga-
 []


Underfull \hbox (badness 2245) in paragraph at lines 1567--1567
[]|\T1/ptm/m/n/10 Scenarii Ne-ga-
 []


Underfull \hbox (badness 2245) in paragraph at lines 1569--1569
[]|\T1/ptm/m/n/10 Scenarii Ne-ga-
 []


Underfull \hbox (badness 1895) in paragraph at lines 1571--1571
[]|\T1/ptm/m/n/10 Pipeline Si-mu-
 []


Underfull \hbox (badness 1895) in paragraph at lines 1573--1573
[]|\T1/ptm/m/n/10 Pipeline Si-mu-
 []


Underfull \hbox (badness 1895) in paragraph at lines 1575--1575
[]|\T1/ptm/m/n/10 Pipeline Si-mu-
 []


Underfull \hbox (badness 1895) in paragraph at lines 1577--1577
[]|\T1/ptm/m/n/10 Pipeline Si-mu-
 []


Underfull \hbox (badness 1895) in paragraph at lines 1579--1579
[]|\T1/ptm/m/n/10 Pipeline Si-mu-
 []


Underfull \hbox (badness 10000) in paragraph at lines 1597--1597
[]|\T1/ptm/m/n/10 Management
 []


Underfull \hbox (badness 10000) in paragraph at lines 1599--1599
[]|\T1/ptm/m/n/10 Management
 []


Underfull \hbox (badness 10000) in paragraph at lines 1601--1601
[]|\T1/ptm/m/n/10 Management
 []


Underfull \hbox (badness 10000) in paragraph at lines 1603--1603
[]|\T1/ptm/m/n/10 Management
 []


Overfull \hbox (4.47273pt too wide) in alignment at lines 1540--1623
 [] [] [] [] 
 []

ignored error: Infinite glue shrinkage found in box being split [87

] [88]
Overfull \hbox (11.81255pt too wide) in paragraph at lines 1650--1651
[]\T1/ptm/b/n/14.4 Procesor gra-fic (GPU): \T1/ptm/m/n/14.4 NVI-DIA A40 cu 46 G
B me-mo-rie VRAM GDDR6; 
 []


Overfull \hbox (7.089pt too wide) in paragraph at lines 1651--1652
\T1/ptm/m/n/14.4 de pro-gra-mare (API) esen[]ial . Aceasta per-mite framework-u
rilor de inteli-
 []

[89]
Overfull \hbox (22.6211pt too wide) in paragraph at lines 1657--1657
|[]\T1/ptm/b/n/20.74 Studiu de Caz 1: Di-na-mica intensit []ii []i distribu-
 []

[90]
Overfull \hbox (17.83293pt too wide) in paragraph at lines 1679--1680
\T1/ptm/m/n/14.4 ob-serva o fluctua[]ie vi-zi-bil  a me-tri-cii al-go-rit-mu-lu
i \T1/ptm/m/it/14.4 Fe-dAvg \T1/ptm/m/n/14.4 în de-tri-men-tul protec[]iei
 []

<components/chapters/../images/Rezultate_Experimentale_Case1.png, id=989, 860.0
13pt x 426.393pt>
File: components/chapters/../images/Rezultate_Experimentale_Case1.png Graphic f
ile (type png)
<use components/chapters/../images/Rezultate_Experimentale_Case1.png>
Package pdftex.def Info: components/chapters/../images/Rezultate_Experimentale_
Case1.png  used on input line 1683.
(pdftex.def)             Requested size: 409.71692pt x 203.13734pt.
[91]
<components/chapters/../images/Rezultate_Experimentale_Case1_2.png, id=995, 723
.4227pt x 395.3169pt>
File: components/chapters/../images/Rezultate_Experimentale_Case1_2.png Graphic
 file (type png)
<use components/chapters/../images/Rezultate_Experimentale_Case1_2.png>
Package pdftex.def Info: components/chapters/../images/Rezultate_Experimentale_
Case1_2.png  used on input line 1696.
(pdftex.def)             Requested size: 409.71692pt x 223.8913pt.
 [92 <./components/chapters/../images/Rezultate_Experimentale_Case1.png>]
<components/chapters/../images/Rezultate_Experimentale_Case1_1.png, id=1002, 72
9.927pt x 395.3169pt>
File: components/chapters/../images/Rezultate_Experimentale_Case1_1.png Graphic
 file (type png)
<use components/chapters/../images/Rezultate_Experimentale_Case1_1.png>
Package pdftex.def Info: components/chapters/../images/Rezultate_Experimentale_
Case1_1.png  used on input line 1711.
(pdftex.def)             Requested size: 409.71692pt x 221.90073pt.

[93 <./components/chapters/../images/Rezultate_Experimentale_Case1_2.png>]
[94 <./components/chapters/../images/Rezultate_Experimentale_Case1_1.png>]
[95]
<components/chapters/../images/Rezultate_Experimentale_Case2_1.png, id=1017, 71
4.7503pt x 422.7795pt>
File: components/chapters/../images/Rezultate_Experimentale_Case2_1.png Graphic
 file (type png)
<use components/chapters/../images/Rezultate_Experimentale_Case2_1.png>
Package pdftex.def Info: components/chapters/../images/Rezultate_Experimentale_
Case2_1.png  used on input line 1740.
(pdftex.def)             Requested size: 409.71692pt x 242.35445pt.
 [96 <./components/chapters/../images/Rezultate_Experimentale_Case2_1.png>] [97
] [98]
Underfull \hbox (badness 2894) in paragraph at lines 1785--1785
[]|\T1/ptm/m/n/10 Compara[]ie in-te-grat  a
 []


Underfull \hbox (badness 1490) in paragraph at lines 1791--1791
[]|\T1/ptm/m/n/10 Compara[]ie în-tre si-mu-
 []

[99]
Overfull \hbox (14.24799pt too wide) in paragraph at lines 1818--1819
\T1/ptm/m/n/14.4 configura[]iile eva-lu-ate []i ca ar-gu-mente ex-pe-ri-men-tal
e pu-ter-nice, nu ca demonstra[]ii
 []

[100] [101]
Capitolul 5.
[102

])) [103] [104

] [105]

enddocument/afterlastpage (AED): lastpage setting LastPage.
(./main.aux)
 ***********
LaTeX2e <2025-11-01>
L3 programming layer <2025-10-24>
 ***********
Package rerunfilecheck Info: File `main.out' has not changed.
(rerunfilecheck)             Checksum: 68DFC73BA4B61A85E71C5077E37CE1FE;17478.
Package logreq Info: Writing requests to 'main.run.xml'.
\openout1 = `main.run.xml'.

 ) 
Here is how much of TeX's memory you used:
 24177 strings out of 467538
 435816 string characters out of 5412257
 1346515 words of memory out of 5000000
 52371 multiletter control sequences out of 15000+600000
 729618 words of font info for 170 fonts, out of 8000000 for 9000
 1141 hyphenation exceptions out of 8191
 87i,16n,93p,1416b,3118s stack positions out of 10000i,1000n,20000p,200000b,200000s
</media/tudor/380827CD08278948/texlive/texmf-dist/fonts/type1/public/amsfonts
/cm/cmmi10.pfb></media/tudor/380827CD08278948/texlive/texmf-dist/fonts/type1/pu
blic/amsfonts/cm/cmr10.pfb></media/tudor/380827CD08278948/texlive/texmf-dist/fo
nts/type1/public/amsfonts/cm/cmsy10.pfb></media/tudor/380827CD08278948/texlive/
texmf-dist/fonts/type1/public/cm-super/sfrm1000.pfb></media/tudor/380827CD08278
948/texlive/texmf-dist/fonts/type1/public/cm-super/sftt1000.pfb></media/tudor/3
80827CD08278948/texlive/texmf-dist/fonts/type1/public/cm-super/sftt1440.pfb></m
edia/tudor/380827CD08278948/texlive/texmf-dist/fonts/type1/urw/symbol/usyr.pfb>
</media/tudor/380827CD08278948/texlive/texmf-dist/fonts/type1/urw/symbol/usyr.p
fb></media/tudor/380827CD08278948/texlive/texmf-dist/fonts/type1/urw/times/utmb
8a.pfb></media/tudor/380827CD08278948/texlive/texmf-dist/fonts/type1/urw/times/
utmbi8a.pfb></media/tudor/380827CD08278948/texlive/texmf-dist/fonts/type1/urw/t
imes/utmr8a.pfb></media/tudor/380827CD08278948/texlive/texmf-dist/fonts/type1/u
rw/times/utmri8a.pfb>
Output written on main.pdf (106 pages, 4896597 bytes).
PDF statistics:
 1230 PDF objects out of 1440 (max. 8388607)
 1050 compressed objects within 11 object streams
 295 named destinations out of 1000 (max. 500000)
 710 words of extra memory for PDF output out of 10000 (max. 10000000)

