\BOOKMARK [0][-]{chapter.1}{\376\377\000I\000n\000t\000r\000o\000d\000u\000c\000e\000r\000e}{}% 1
\BOOKMARK [1][-]{section.1.1}{\376\377\000C\000o\000n\000t\000e\000x\000t}{chapter.1}% 2
\BOOKMARK [1][-]{section.1.2}{\376\377\000M\000o\000t\000i\000v\000a\002\033\000i\000a\000\040\000l\000u\000c\000r\001\003\000r\000i\000i}{chapter.1}% 3
\BOOKMARK [1][-]{section.1.3}{\376\377\000O\000b\000i\000e\000c\000t\000i\000v\000e\000l\000e\000\040\000l\000u\000c\000r\001\003\000r\000i\000i}{chapter.1}% 4
\BOOKMARK [1][-]{section.1.4}{\376\377\000S\000t\000r\000u\000c\000t\000u\000r\000a\000\040\000l\000u\000c\000r\001\003\000r\000i\000i}{chapter.1}% 5
\BOOKMARK [1][-]{section.1.5}{\376\377\000U\000t\000i\000l\000i\000z\000a\000r\000e\000a\000\040\000i\000n\000s\000t\000r\000u\000m\000e\000n\000t\000e\000l\000o\000r\000\040\000d\000e\000\040\000i\000n\000t\000e\000l\000i\000g\000e\000n\002\033\001\003\000\040\000a\000r\000t\000i\000f\000i\000c\000i\000a\000l\001\003\000\040\000\356\000n\000\040\000e\000l\000a\000b\000o\000r\000a\000r\000e\000a\000\040\000l\000u\000c\000r\001\003\000r\000i\000i}{chapter.1}% 6
\BOOKMARK [0][-]{chapter.2}{\376\377\000N\000o\002\033\000i\000u\000n\000i\000\040\000T\000e\000o\000r\000e\000t\000i\000c\000e}{}% 7
\BOOKMARK [1][-]{section.2.1}{\376\377\000N\000o\002\033\000i\000u\000n\000i\000\040\000i\000n\000t\000r\000o\000d\000u\000c\000t\000i\000v\000e}{chapter.2}% 8
\BOOKMARK [2][-]{subsection.2.1.1}{\376\377\000D\000i\000f\000e\000r\000e\000n\002\033\000a\000\040\000d\000i\000n\000t\000r\000e\000\040\000M\000a\000c\000h\000i\000n\000e\000\040\000L\000e\000a\000r\000n\000i\000n\000g\000\040\002\031\000i\000\040\000D\000e\000e\000p\000\040\000L\000e\000a\000r\000n\000i\000n\000g}{section.2.1}% 9
\BOOKMARK [2][-]{subsection.2.1.2}{\376\377\000R\000e\002\033\000e\000a\000\040\000N\000e\000u\000r\000o\000n\000a\000l\001\003}{section.2.1}% 10
\BOOKMARK [1][-]{section.2.2}{\376\377\000\316\000n\000v\001\003\002\033\000a\000r\000e\000\040\000a\000u\000t\000o\000m\000a\000t\001\003\000\040\000f\000e\000d\000e\000r\000a\000t\001\003}{chapter.2}% 11
\BOOKMARK [2][-]{subsection.2.2.1}{\376\377\000C\000o\000n\000c\000e\000p\000t}{section.2.2}% 12
\BOOKMARK [2][-]{subsection.2.2.2}{\376\377\000A\000r\000h\000i\000t\000e\000c\000t\000u\000r\000a\000\040\000F\000L}{section.2.2}% 13
\BOOKMARK [2][-]{subsection.2.2.3}{\376\377\000P\000r\000o\000c\000e\000s\000u\000l\000\040\000d\000e\000\040\000a\000n\000t\000r\000e\000n\000a\000r\000e\000\040\000F\000L}{section.2.2}% 14
\BOOKMARK [2][-]{subsection.2.2.4}{\376\377\000E\000x\000e\000m\000p\000l\000e\000\040\000\356\000n\000\040\000v\000i\000a\002\033\000a\000\040\000r\000e\000a\000l\001\003}{section.2.2}% 15
\BOOKMARK [1][-]{section.2.3}{\376\377\000A\000t\000a\000c\000u\000r\000i\000\040\000d\000e\000\040\000t\000i\000p\000\040\000D\000a\000t\000a\000\040\000P\000o\000i\000s\000o\000n\000i\000n\000g}{chapter.2}% 16
\BOOKMARK [2][-]{subsection.2.3.1}{\376\377\000D\000e\000f\000i\000n\000i\000r\000e\000a\000\040\000t\000i\000p\000u\000r\000i\000l\000o\000r\000\040\000d\000e\000\040\000a\000t\000a\000c}{section.2.3}% 17
\BOOKMARK [2][-]{subsection.2.3.2}{\376\377\000V\000e\000c\000t\000o\000r\000i\000\040\000d\000e\000\040\000a\000t\000a\000c}{section.2.3}% 18
\BOOKMARK [2][-]{subsection.2.3.3}{\376\377\000A\000t\000a\000c\000u\000l\000\040\000D\000a\000t\000a\000\040\000p\000o\000i\000s\000o\000n\000i\000n\000g}{section.2.3}% 19
\BOOKMARK [2][-]{subsection.2.3.4}{\376\377\000D\000i\000f\000e\000r\000e\000n\002\033\000a\000\040\000d\000i\000n\000t\000r\000e\000\040\000d\000a\000t\000a\000\040\000p\000o\000i\000s\000o\000n\000i\000n\000g\000,\000\040\000m\000o\000d\000e\000l\000\040\000p\000o\000i\000s\000o\000n\000i\000n\000g\000\040\002\031\000i\000\040\000a\000t\000a\000c\000u\000r\000i\000l\000e\000\040\000b\000a\000c\000k\000d\000o\000o\000r}{section.2.3}% 20
\BOOKMARK [2][-]{subsection.2.3.5}{\376\377\000I\000m\000p\000a\000c\000t\000u\000l\000\040\000p\000o\000i\000s\000o\000n\000i\000n\000g\000\040\000\356\000n\000\040\000F\000e\000d\000e\000r\000a\000t\000e\000d\000\040\000L\000e\000a\000r\000n\000i\000n\000g}{section.2.3}% 21
\BOOKMARK [2][-]{subsection.2.3.6}{\376\377\000M\000e\000c\000a\000n\000i\000s\000m\000e\000\040\000d\000e\000\040\000p\000r\000o\000t\000e\000c\002\033\000i\000e\000\040\000r\000e\000z\000i\000s\000t\000e\000n\000t\000e\000\040\000l\000a\000\040\000a\000t\000a\000c\000u\000r\000i\000\040\000B\000y\000z\000a\000n\000t\000i\000n\000e}{section.2.3}% 22
\BOOKMARK [2][-]{subsection.2.3.7}{\376\377\000P\000r\000o\000v\000o\000c\001\003\000r\000i\000l\000e\000\040\000d\000i\000s\000t\000r\000i\000b\000u\002\033\000i\000i\000l\000o\000r\000\040\000N\000o\000n\000-\000I\000I\000D\000\040\000\356\000n\000\040\000F\000e\000d\000e\000r\000a\000t\000e\000d\000\040\000L\000e\000a\000r\000n\000i\000n\000g}{section.2.3}% 23
\BOOKMARK [2][-]{subsection.2.3.8}{\376\377\000V\000a\000l\000i\000d\000a\000r\000e\000a\000\040\000\356\000n\000c\000r\000u\000c\000i\002\031\000a\000t\001\003\000\040\000\050\000C\000r\000o\000s\000s\000-\000V\000a\000l\000i\000d\000a\000t\000i\000o\000n\000\051\000\040\000\356\000n\000\040\000c\000o\000n\000t\000e\000x\000t\000u\000l\000\040\000\040\000\316\000n\000v\001\003\002\033\001\003\000r\000i\000i\000\040\000F\000e\000d\000e\000r\000a\000t\000e}{section.2.3}% 24
\BOOKMARK [2][-]{subsection.2.3.9}{\376\377\000C\000r\000i\000t\000e\000r\000i\000i\000\040\000d\000e\000\040\000e\000v\000a\000l\000u\000a\000r\000e\000\040\000a\000\040\000m\000e\000c\000a\000n\000i\000s\000m\000e\000l\000o\000r\000\040\000d\000e\000\040\000a\000p\001\003\000r\000a\000r\000e}{section.2.3}% 25
\BOOKMARK [0][-]{chapter.3}{\376\377\000P\000r\000o\000i\000e\000c\000t\000a\000r\000e\000,\000\040\000I\000m\000p\000l\000e\000m\000e\000n\000t\000a\000r\000e\000\040\002\031\000i\000\040\000T\000e\000s\000t\000a\000r\000e}{}% 26
\BOOKMARK [1][-]{section.3.1}{\376\377\000C\000e\000r\000i\000n\002\033\000e\000l\000e\000\040\000S\000o\000f\000t\000w\000a\000r\000e}{chapter.3}% 27
\BOOKMARK [2][-]{subsection.3.1.1}{\376\377\000C\000e\000r\000i\000n\002\033\000e\000l\000e\000\040\000F\000u\000n\000c\002\033\000i\000o\000n\000a\000l\000e}{section.3.1}% 28
\BOOKMARK [2][-]{subsection.3.1.2}{\376\377\000C\000e\000r\000i\000n\002\033\000e\000l\000e\000\040\000n\000e\000f\000u\000n\000c\002\033\000i\000o\000n\000a\000l\000e}{section.3.1}% 29
\BOOKMARK [1][-]{section.3.2}{\376\377\000A\000r\000h\000i\000t\000e\000c\000t\000u\000r\000a\000\040\000P\000l\000a\000t\000f\000o\000r\000m\000e\000i}{chapter.3}% 30
\BOOKMARK [1][-]{section.3.3}{\376\377\000P\000a\000r\000a\000m\000e\000t\000r\000i\000i\000\040\002\031\000i\000\040\000C\000o\000n\000f\000i\000g\000u\000r\000a\000r\000e\000a\000\040\000S\000i\000m\000u\000l\001\003\000r\000i\000i}{chapter.3}% 31
\BOOKMARK [1][-]{section.3.4}{\376\377\000F\000l\000u\000x\000u\000l\000\040\000d\000e\000\040\000E\000x\000e\000c\000u\002\033\000i\000e\000\040\000a\000l\000\040\000P\000l\000a\000t\000f\000o\000r\000m\000e\000i}{chapter.3}% 32
\BOOKMARK [1][-]{section.3.5}{\376\377\000S\000c\000e\000n\000a\000r\000i\000u\000l\000\040\000c\000o\000m\000p\000l\000e\000t\000\040\000d\000e\000\040\000u\000t\000i\000l\000i\000z\000a\000r\000e\000\040\000a\000l\000\040\000p\000l\000a\000t\000f\000o\000r\000m\000e\000i}{chapter.3}% 33
\BOOKMARK [1][-]{section.3.6}{\376\377\000S\000t\000r\000u\000c\000t\000u\000r\000a\000\040\000d\000i\000r\000e\000c\000t\000o\000a\000r\000e\000l\000o\000r\000\040\002\031\000i\000\040\000a\000\040\000f\000i\002\031\000i\000e\000r\000e\000l\000o\000r\000\040\000i\000m\000p\000o\000r\000t\000a\000n\000t\000e}{chapter.3}% 34
\BOOKMARK [2][-]{subsection.3.6.1}{\376\377\000A\000n\000a\000l\000i\000z\000a\000\040\000s\000t\000a\000t\000i\000c\001\003\000\040\000d\000e\000\040\000s\000e\000c\000u\000r\000i\000t\000a\000t\000e\000\040\000c\000u\000\040\000S\000e\000m\000g\000r\000e\000p}{section.3.6}% 35
\BOOKMARK [2][-]{subsection.3.6.2}{\376\377\000F\000u\000n\000c\002\033\000i\000i\000\040\000p\000e\000r\000s\000o\000n\000a\000l\000i\000z\000a\000t\000e\000\040\000d\000e\000\040\000a\000g\000r\000e\000g\000a\000r\000e\000\040\002\031\000i\000\040\000o\000t\000r\001\003\000v\000i\000r\000e}{section.3.6}% 36
\BOOKMARK [2][-]{subsection.3.6.3}{\376\377\000P\000e\000r\000s\000i\000s\000t\000e\000n\002\033\000a\000\040\000d\000a\000t\000e\000l\000o\000r\000\040\002\031\000i\000\040\000s\000t\000r\000u\000c\000t\000u\000r\000a\000\040\000r\000e\000z\000u\000l\000t\000a\000t\000e\000l\000o\000r\000\040\000g\000e\000n\000e\000r\000a\000t\000e}{section.3.6}% 37
\BOOKMARK [1][-]{section.3.7}{\376\377\000T\000e\000s\000t\000a\000r\000e\000a\000\040\000A\000p\000l\000i\000c\000a\002\033\000i\000e\000i}{chapter.3}% 38
\BOOKMARK [2][-]{subsection.3.7.1}{\376\377\000V\000a\000l\000i\000d\000a\000r\000e\000\040\002\030\000a\000b\000l\000o\000n\000\040\000\050\000T\000V\000\051}{section.3.7}% 39
\BOOKMARK [2][-]{subsection.3.7.2}{\376\377\000F\000u\000n\000c\002\033\000i\000i\000\040\000P\000e\000r\000s\000o\000n\000a\000l\000i\000z\000a\000t\000e\000\040\000\050\000C\000F\000\051}{section.3.7}% 40
\BOOKMARK [2][-]{subsection.3.7.3}{\376\377\000S\000c\000e\000n\000a\000r\000i\000i\000\040\000N\000e\000g\000a\000t\000i\000v\000e\000\040\000\050\000N\000S\000\051}{section.3.7}% 41
\BOOKMARK [2][-]{subsection.3.7.4}{\376\377\000P\000i\000p\000e\000l\000i\000n\000e\000\040\000S\000i\000m\000u\000l\000a\000r\000e\000\040\000\050\000P\000L\000\051}{section.3.7}% 42
\BOOKMARK [2][-]{subsection.3.7.5}{\376\377\000I\000n\000t\000e\000g\000r\000a\000r\000e\000\040\000\050\000I\000T\000\051}{section.3.7}% 43
\BOOKMARK [2][-]{subsection.3.7.6}{\376\377\000C\000o\000m\000u\000n\000i\000c\000a\000r\000e\000\040\000W\000e\000b\000S\000o\000c\000k\000e\000t\000\040\000\050\000W\000S\000\051}{section.3.7}% 44
\BOOKMARK [2][-]{subsection.3.7.7}{\376\377\000M\000a\000n\000a\000g\000e\000m\000e\000n\000t\000\040\000G\000P\000U\000\040\000\050\000G\000M\000\051}{section.3.7}% 45
\BOOKMARK [2][-]{subsection.3.7.8}{\376\377\000F\000l\000u\000x\000\040\000d\000e\000\040\000A\000n\000u\000l\000a\000r\000e\000\040\000\050\000C\000A\000\051}{section.3.7}% 46
\BOOKMARK [2][-]{subsection.3.7.9}{\376\377\000S\000e\000c\000u\000r\000i\000t\000a\000t\000e\000\040\000\050\000S\000E\000\051}{section.3.7}% 47
\BOOKMARK [1][-]{section.3.8}{\376\377\000M\000o\000d\000e\000l\000e\000\040\000d\000e\000\040\000A\000n\000a\000l\000i\000z\001\003}{chapter.3}% 48
\BOOKMARK [2][-]{subsection.3.8.1}{\376\377\000C\000o\000n\000t\000e\000x\000t\000u\000l\000\040\000S\000i\000s\000t\000e\000m\000u\000l\000u\000i}{section.3.8}% 49
\BOOKMARK [2][-]{subsection.3.8.2}{\376\377\000C\000o\000m\000p\000o\000n\000e\000n\000t\000e\000l\000e\000\040\000P\000l\000a\000t\000f\000o\000r\000m\000e\000i}{section.3.8}% 50
\BOOKMARK [2][-]{subsection.3.8.3}{\376\377\000F\000l\000u\000x\000u\000r\000i\000l\000e\000\040\000d\000e\000\040\000E\000x\000e\000c\000u\002\033\000i\000e}{section.3.8}% 51
\BOOKMARK [2][-]{subsection.3.8.4}{\376\377\000M\000o\000d\000e\000l\000u\000l\000\040\000E\000n\000t\000i\000t\000a\000t\000e\000-\000R\000e\000l\000a\002\033\000i\000e\000\040\000\050\000E\000R\000D\000\051}{section.3.8}% 52
\BOOKMARK [1][-]{section.3.9}{\376\377\000T\000e\000h\000n\000o\000l\000o\000g\000i\000i\000\040\002\031\000i\000\040\000B\000i\000b\000l\000i\000o\000t\000e\000c\000i\000\040\000U\000t\000i\000l\000i\000z\000a\000t\000e}{chapter.3}% 53
\BOOKMARK [2][-]{subsection.3.9.1}{\376\377\000B\000i\000b\000l\000i\000o\000t\000e\000c\000i\000\040\000P\000y\000t\000h\000o\000n\000\040\000u\000t\000i\000l\000i\000z\000a\000t\000e}{section.3.9}% 54
\BOOKMARK [2][-]{subsection.3.9.2}{\376\377\000V\000e\000r\000s\000i\000u\000n\000i\000\040\000a\000l\000e\000\040\000b\000i\000b\000l\000i\000o\000t\000e\000c\000i\000l\000o\000r\000\040\000u\000t\000i\000l\000i\000z\000a\000t\000e}{section.3.9}% 55
\BOOKMARK [2][-]{subsection.3.9.3}{\376\377\000U\000t\000i\000l\000i\000z\000a\000r\000e\000a\000\040\000T\000e\000n\000s\000o\000r\000F\000l\000o\000w\000\040\002\031\000i\000\040\000P\000y\000T\000o\000r\000c\000h\000\040\000\356\000n\000\040\000c\000a\000d\000r\000u\000l\000\040\000l\000u\000c\000r\001\003\000r\000i\000i}{section.3.9}% 56
\BOOKMARK [2][-]{subsection.3.9.4}{\376\377\000M\000e\000t\000r\000i\000c\000i\000\040\000d\000e\000\040\000E\000v\000a\000l\000u\000a\000r\000e\000\040\000\356\000n\000\040\000M\000a\000c\000h\000i\000n\000e\000\040\000L\000e\000a\000r\000n\000i\000n\000g}{section.3.9}% 57
\BOOKMARK [2][-]{subsection.3.9.5}{\376\377\000C\000o\000m\000u\000n\000i\000c\000a\002\033\000i\000a\000\040\000R\000E\000S\000T\000\040\000A\000P\000I}{section.3.9}% 58
\BOOKMARK [2][-]{subsection.3.9.6}{\376\377\000A\000r\000h\000i\000t\000e\000c\000t\000u\000r\000a\000\040\000R\000E\000S\000T\000\040\000\356\000n\000\040\000p\000l\000a\000t\000f\000o\000r\000m\001\003}{section.3.9}% 59
\BOOKMARK [0][-]{chapter.4}{\376\377\000R\000e\000z\000u\000l\000t\000a\000t\000e\000\040\000E\000x\000p\000e\000r\000i\000m\000e\000n\000t\000a\000l\000e\000\040\002\031\000i\000\040\000A\000n\000a\000l\000i\000z\000a\000\040\000P\000e\000r\000f\000o\000r\000m\000a\000n\002\033\000e\000l\000o\000r}{}% 60
\BOOKMARK [1][-]{section.4.1}{\376\377\000R\000a\000p\000o\000r\000t\000\040\000d\000e\000\040\000T\000e\000s\000t\000a\000r\000e}{chapter.4}% 61
\BOOKMARK [1][-]{section.4.2}{\376\377\000M\000e\000t\000o\000d\000o\000l\000o\000g\000i\000a\000\040\000e\000x\000p\000e\000r\000i\000m\000e\000n\000t\000a\000l\001\003}{chapter.4}% 62
\BOOKMARK [2][-]{subsection.4.2.1}{\376\377\000M\000e\000d\000i\000u\000l\000\040\000d\000e\000\040\000l\000u\000c\000r\000u\000\040\002\031\000i\000\040\000i\000n\000f\000r\000a\000s\000t\000r\000u\000c\000t\000u\000r\000a\000\040\000h\000a\000r\000d\000w\000a\000r\000e}{section.4.2}% 63
\BOOKMARK [1][-]{section.4.3}{\376\377\000S\000t\000u\000d\000i\000u\000\040\000d\000e\000\040\000C\000a\000z\000\040\0001\000:\000\040\000D\000i\000n\000a\000m\000i\000c\000a\000\040\000i\000n\000t\000e\000n\000s\000i\000t\001\003\002\033\000i\000i\000\040\002\031\000i\000\040\000d\000i\000s\000t\000r\000i\000b\000u\002\033\000i\000e\000i\000\040\000a\000t\000a\000c\000u\000l\000u\000i}{chapter.4}% 64
\BOOKMARK [2][-]{subsection.4.3.1}{\376\377\000D\000e\000t\000a\000l\000i\000i\000\040\000p\000r\000a\000c\000t\000i\000c\000e}{section.4.3}% 65
\BOOKMARK [2][-]{subsection.4.3.2}{\376\377\000R\000e\000z\000u\000l\000t\000a\000t\000e\000\040\000e\000x\000p\000e\000r\000i\000m\000e\000n\000t\000a\000l\000e}{section.4.3}% 66
\BOOKMARK [1][-]{section.4.4}{\376\377\000S\000t\000u\000d\000i\000u\000\040\000d\000e\000\040\000C\000a\000z\000\040\0002\000:\000\040\000C\000e\000a\000\040\000m\000a\000i\000\040\000b\000u\000n\001\003\000\040\000p\000r\000o\000t\000e\000c\002\033\000i\000e\000\040\000p\000e\000n\000t\000r\000u\000\040\000u\000n\000\040\000a\000t\000a\000c\000\040\000s\000p\000e\000c\000i\000f\000i\000c}{chapter.4}% 67
\BOOKMARK [2][-]{subsection.4.4.1}{\376\377\000D\000e\000t\000a\000l\000i\000i\000\040\000p\000r\000a\000c\000t\000i\000c\000e}{section.4.4}% 68
\BOOKMARK [2][-]{subsection.4.4.2}{\376\377\000R\000e\000z\000u\000l\000t\000a\000t\000e\000\040\000e\000x\000p\000e\000r\000i\000m\000e\000n\000t\000a\000l\000e}{section.4.4}% 69
\BOOKMARK [1][-]{section.4.5}{\376\377\000I\000n\000t\000e\000r\000p\000r\000e\000t\000a\000r\000e\000a\000\040\000r\000e\000z\000u\000l\000t\000a\000t\000e\000l\000o\000r}{chapter.4}% 70
\BOOKMARK [1][-]{section.4.6}{\376\377\000D\000i\000s\000c\000u\002\033\000i\000e\000\040\000c\000o\000m\000p\000a\000r\000a\000t\000i\000v\001\003\000\040\000c\000u\000\040\000l\000i\000t\000e\000r\000a\000t\000u\000r\000a\000\040\000d\000e\000\040\000s\000p\000e\000c\000i\000a\000l\000i\000t\000a\000t\000e}{chapter.4}% 71
\BOOKMARK [1][-]{section.4.7}{\376\377\000C\000o\000m\000p\000a\000r\000a\002\033\000i\000e\000\040\000c\000u\000\040\000f\000r\000a\000m\000e\000w\000o\000r\000k\000-\000u\000r\000i\000\040\000d\000e\000\040\000\356\000n\000v\001\003\002\033\000a\000r\000e\000\040\000f\000e\000d\000e\000r\000a\000t\001\003\000\040\000d\000e\000\040\000u\000z\000\040\000g\000e\000n\000e\000r\000a\000l}{chapter.4}% 72
\BOOKMARK [1][-]{section.4.8}{\376\377\000L\000i\000m\000i\000t\001\003\000r\000i\000\040\002\031\000i\000\040\000v\000a\000l\000i\000d\000i\000t\000a\000t\000e\000a\000\040\000r\000e\000z\000u\000l\000t\000a\000t\000e\000l\000o\000r}{chapter.4}% 73
\BOOKMARK [1][-]{section.4.9}{\376\377\000R\000e\000p\000r\000o\000d\000u\000c\000t\000i\000b\000i\000l\000i\000t\000a\000t\000e\000a\000\040\000e\000x\000p\000e\000r\000i\000m\000e\000n\000t\000e\000l\000o\000r}{chapter.4}% 74
\BOOKMARK [0][-]{chapter.5}{\376\377\000C\000o\000n\000c\000l\000u\000z\000i\000i\000\040\002\031\000i\000\040\000d\000e\000z\000v\000o\000l\000t\000a\000r\000e\000\040\000u\000l\000t\000e\000r\000i\000o\000a\000r\001\003}{}% 75
\BOOKMARK [1][-]{section.5.1}{\376\377\000D\000e\000z\000v\000o\000l\000t\000a\000r\000e\000\040\000U\000l\000t\000e\000r\000i\000o\000a\000r\001\003}{chapter.5}% 76
\BOOKMARK [2][-]{subsection.5.1.1}{\376\377\000L\000i\000m\000i\000t\001\003\000r\000i\000\040\000a\000c\000t\000u\000a\000l\000e}{section.5.1}% 77
\BOOKMARK [2][-]{subsection.5.1.2}{\376\377\000D\000i\000r\000e\000c\002\033\000i\000i\000\040\000d\000e\000\040\000d\000e\000z\000v\000o\000l\000t\000a\000r\000e}{section.5.1}% 78
